<?xml version="1.0" encoding="utf-8"?>
<CoverageSession xmlns:xsd="http://www.w3.org/2001/XMLSchema" xmlns:xsi="http://www.w3.org/2001/XMLSchema-instance" Version="0.0.0.0">
  <Summary numSequencePoints="1338" visitedSequencePoints="0" numBranchPoints="0" visitedBranchPoints="0" sequenceCoverage="0.0" branchCoverage="0.0" maxCyclomaticComplexity="0" minCyclomaticComplexity="0" maxCrapScore="0" minCrapScore="0" visitedClasses="0" numClasses="123" visitedMethods="0" numMethods="311" />
  <Modules>
    <Module>
      <Summary numSequencePoints="936" visitedSequencePoints="0" numBranchPoints="0" visitedBranchPoints="0" sequenceCoverage="0.0" branchCoverage="0.0" maxCyclomaticComplexity="0" minCyclomaticComplexity="0" maxCrapScore="0" minCrapScore="0" visitedClasses="0" numClasses="90" visitedMethods="0" numMethods="254" />
      <ModuleTime>0001-01-01T00:00:00</ModuleTime>
      <ModuleName>Assembly-CSharp-firstpass</ModuleName>
      <Files>
        <File uid="1" fullPath="C:/Unity Project/effectivecsharp/Assets/Plugins/Demigiant/DOTween/Modules/DOTweenModuleAudio.cs" />
        <File uid="2" fullPath="C:/Unity Project/effectivecsharp/Assets/Plugins/Demigiant/DOTween/Modules/DOTweenModulePhysics.cs" />
        <File uid="3" fullPath="C:/Unity Project/effectivecsharp/Assets/Plugins/Demigiant/DOTween/Modules/DOTweenModulePhysics2D.cs" />
        <File uid="4" fullPath="C:/Unity Project/effectivecsharp/Assets/Plugins/Demigiant/DOTween/Modules/DOTweenModuleSprite.cs" />
        <File uid="5" fullPath="C:/Unity Project/effectivecsharp/Assets/Plugins/Demigiant/DOTween/Modules/DOTweenModuleUI.cs" />
        <File uid="6" fullPath="C:/Unity Project/effectivecsharp/Assets/Plugins/Demigiant/DOTween/Modules/DOTweenModuleUnityVersion.cs" />
        <File uid="7" fullPath="C:/Unity Project/effectivecsharp/Assets/Plugins/Demigiant/DOTween/Modules/DOTweenModuleUtils.cs" />
      </Files>
      <Classes>
        <Class>
          <Summary numSequencePoints="55" visitedSequencePoints="0" numBranchPoints="0" visitedBranchPoints="0" sequenceCoverage="0.0" branchCoverage="0.0" maxCyclomaticComplexity="0" minCyclomaticComplexity="0" maxCrapScore="0" minCrapScore="0" visitedClasses="0" numClasses="1" visitedMethods="0" numMethods="15" />
          <FullName>DG.Tweening.DOTweenModuleAudio</FullName>
          <Methods>
            <Method visited="false" cyclomaticComplexity="0" nPathComplexity="0" sequenceCoverage="0.0" branchCoverage="0" crapScore="0" isConstructor="false" isStatic="true" isGetter="false" isSetter="false">
              <Summary numSequencePoints="9" visitedSequencePoints="0" numBranchPoints="0" visitedBranchPoints="0" sequenceCoverage="0.0" branchCoverage="0" maxCyclomaticComplexity="0" minCyclomaticComplexity="0" maxCrapScore="0" minCrapScore="0" visitedClasses="0" numClasses="0" visitedMethods="0" numMethods="1" />
              <MetadataToken>100663299</MetadataToken>
              <Name>static DG.Tweening.Core.TweenerCore[Single,Single,FloatOptions] DG.Tweening.DOTweenModuleAudio::DOFade(UnityEngine.AudioSource, System.Single, System.Single)</Name>
              <FileRef uid="1" />
              <SequencePoints>
                <SequencePoint vc="0" uspid="1" ordinal="0" offset="13" sl="24" sc="0" el="24" ec="0" bec="0" bev="0" fileid="1" />
                <SequencePoint vc="0" uspid="2" ordinal="0" offset="14" sl="25" sc="0" el="25" ec="0" bec="0" bev="0" fileid="1" />
                <SequencePoint vc="0" uspid="3" ordinal="0" offset="26" sl="25" sc="0" el="25" ec="0" bec="0" bev="0" fileid="1" />
                <SequencePoint vc="0" uspid="4" ordinal="0" offset="35" sl="26" sc="0" el="26" ec="0" bec="0" bev="0" fileid="1" />
                <SequencePoint vc="0" uspid="5" ordinal="0" offset="47" sl="26" sc="0" el="26" ec="0" bec="0" bev="0" fileid="1" />
                <SequencePoint vc="0" uspid="6" ordinal="0" offset="54" sl="27" sc="0" el="27" ec="0" bec="0" bev="0" fileid="1" />
                <SequencePoint vc="0" uspid="7" ordinal="0" offset="86" sl="28" sc="0" el="28" ec="0" bec="0" bev="0" fileid="1" />
                <SequencePoint vc="0" uspid="8" ordinal="0" offset="99" sl="29" sc="0" el="29" ec="0" bec="0" bev="0" fileid="1" />
                <SequencePoint vc="0" uspid="9" ordinal="0" offset="104" sl="30" sc="0" el="30" ec="0" bec="0" bev="0" fileid="1" />
              </SequencePoints>
              <BranchPoints />
            </Method>
            <Method visited="false" cyclomaticComplexity="0" nPathComplexity="0" sequenceCoverage="0.0" branchCoverage="0" crapScore="0" isConstructor="false" isStatic="true" isGetter="false" isSetter="false">
              <Summary numSequencePoints="5" visitedSequencePoints="0" numBranchPoints="0" visitedBranchPoints="0" sequenceCoverage="0.0" branchCoverage="0" maxCyclomaticComplexity="0" minCyclomaticComplexity="0" maxCrapScore="0" minCrapScore="0" visitedClasses="0" numClasses="0" visitedMethods="0" numMethods="1" />
              <MetadataToken>100663300</MetadataToken>
              <Name>static DG.Tweening.Core.TweenerCore[Single,Single,FloatOptions] DG.Tweening.DOTweenModuleAudio::DOPitch(UnityEngine.AudioSource, System.Single, System.Single)</Name>
              <FileRef uid="1" />
              <SequencePoints>
                <SequencePoint vc="0" uspid="10" ordinal="0" offset="13" sl="36" sc="0" el="36" ec="0" bec="0" bev="0" fileid="1" />
                <SequencePoint vc="0" uspid="11" ordinal="0" offset="14" sl="37" sc="0" el="37" ec="0" bec="0" bev="0" fileid="1" />
                <SequencePoint vc="0" uspid="12" ordinal="0" offset="46" sl="38" sc="0" el="38" ec="0" bec="0" bev="0" fileid="1" />
                <SequencePoint vc="0" uspid="13" ordinal="0" offset="59" sl="39" sc="0" el="39" ec="0" bec="0" bev="0" fileid="1" />
                <SequencePoint vc="0" uspid="14" ordinal="0" offset="63" sl="40" sc="0" el="40" ec="0" bec="0" bev="0" fileid="1" />
              </SequencePoints>
              <BranchPoints />
            </Method>
            <Method visited="false" cyclomaticComplexity="0" nPathComplexity="0" sequenceCoverage="0.0" branchCoverage="0" crapScore="0" isConstructor="false" isStatic="true" isGetter="false" isSetter="false">
              <Summary numSequencePoints="5" visitedSequencePoints="0" numBranchPoints="0" visitedBranchPoints="0" sequenceCoverage="0.0" branchCoverage="0" maxCyclomaticComplexity="0" minCyclomaticComplexity="0" maxCrapScore="0" minCrapScore="0" visitedClasses="0" numClasses="0" visitedMethods="0" numMethods="1" />
              <MetadataToken>100663301</MetadataToken>
              <Name>static DG.Tweening.Core.TweenerCore[Single,Single,FloatOptions] DG.Tweening.DOTweenModuleAudio::DOSetFloat(UnityEngine.Audio.AudioMixer, System.String, System.Single, System.Single)</Name>
              <FileRef uid="1" />
              <SequencePoints>
                <SequencePoint vc="0" uspid="15" ordinal="0" offset="20" sl="52" sc="0" el="52" ec="0" bec="0" bev="0" fileid="1" />
                <SequencePoint vc="0" uspid="16" ordinal="0" offset="21" sl="53" sc="0" el="53" ec="0" bec="0" bev="0" fileid="1" />
                <SequencePoint vc="0" uspid="17" ordinal="0" offset="53" sl="58" sc="0" el="58" ec="0" bec="0" bev="0" fileid="1" />
                <SequencePoint vc="0" uspid="18" ordinal="0" offset="66" sl="59" sc="0" el="59" ec="0" bec="0" bev="0" fileid="1" />
                <SequencePoint vc="0" uspid="19" ordinal="0" offset="70" sl="60" sc="0" el="60" ec="0" bec="0" bev="0" fileid="1" />
              </SequencePoints>
              <BranchPoints />
            </Method>
            <Method visited="false" cyclomaticComplexity="0" nPathComplexity="0" sequenceCoverage="0.0" branchCoverage="0" crapScore="0" isConstructor="false" isStatic="true" isGetter="false" isSetter="false">
              <Summary numSequencePoints="3" visitedSequencePoints="0" numBranchPoints="0" visitedBranchPoints="0" sequenceCoverage="0.0" branchCoverage="0" maxCyclomaticComplexity="0" minCyclomaticComplexity="0" maxCrapScore="0" minCrapScore="0" visitedClasses="0" numClasses="0" visitedMethods="0" numMethods="1" />
              <MetadataToken>100663302</MetadataToken>
              <Name>static System.Int32 DG.Tweening.DOTweenModuleAudio::DOComplete(UnityEngine.Audio.AudioMixer, System.Boolean)</Name>
              <FileRef uid="1" />
              <SequencePoints>
                <SequencePoint vc="0" uspid="20" ordinal="0" offset="0" sl="73" sc="0" el="73" ec="0" bec="0" bev="0" fileid="1" />
                <SequencePoint vc="0" uspid="21" ordinal="0" offset="1" sl="74" sc="0" el="74" ec="0" bec="0" bev="0" fileid="1" />
                <SequencePoint vc="0" uspid="22" ordinal="0" offset="11" sl="75" sc="0" el="75" ec="0" bec="0" bev="0" fileid="1" />
              </SequencePoints>
              <BranchPoints />
            </Method>
            <Method visited="false" cyclomaticComplexity="0" nPathComplexity="0" sequenceCoverage="0.0" branchCoverage="0" crapScore="0" isConstructor="false" isStatic="true" isGetter="false" isSetter="false">
              <Summary numSequencePoints="3" visitedSequencePoints="0" numBranchPoints="0" visitedBranchPoints="0" sequenceCoverage="0.0" branchCoverage="0" maxCyclomaticComplexity="0" minCyclomaticComplexity="0" maxCrapScore="0" minCrapScore="0" visitedClasses="0" numClasses="0" visitedMethods="0" numMethods="1" />
              <MetadataToken>100663303</MetadataToken>
              <Name>static System.Int32 DG.Tweening.DOTweenModuleAudio::DOKill(UnityEngine.Audio.AudioMixer, System.Boolean)</Name>
              <FileRef uid="1" />
              <SequencePoints>
                <SequencePoint vc="0" uspid="23" ordinal="0" offset="0" sl="84" sc="0" el="84" ec="0" bec="0" bev="0" fileid="1" />
                <SequencePoint vc="0" uspid="24" ordinal="0" offset="1" sl="85" sc="0" el="85" ec="0" bec="0" bev="0" fileid="1" />
                <SequencePoint vc="0" uspid="25" ordinal="0" offset="11" sl="86" sc="0" el="86" ec="0" bec="0" bev="0" fileid="1" />
              </SequencePoints>
              <BranchPoints />
            </Method>
            <Method visited="false" cyclomaticComplexity="0" nPathComplexity="0" sequenceCoverage="0.0" branchCoverage="0" crapScore="0" isConstructor="false" isStatic="true" isGetter="false" isSetter="false">
              <Summary numSequencePoints="3" visitedSequencePoints="0" numBranchPoints="0" visitedBranchPoints="0" sequenceCoverage="0.0" branchCoverage="0" maxCyclomaticComplexity="0" minCyclomaticComplexity="0" maxCrapScore="0" minCrapScore="0" visitedClasses="0" numClasses="0" visitedMethods="0" numMethods="1" />
              <MetadataToken>100663304</MetadataToken>
              <Name>static System.Int32 DG.Tweening.DOTweenModuleAudio::DOFlip(UnityEngine.Audio.AudioMixer)</Name>
              <FileRef uid="1" />
              <SequencePoints>
                <SequencePoint vc="0" uspid="26" ordinal="0" offset="0" sl="94" sc="0" el="94" ec="0" bec="0" bev="0" fileid="1" />
                <SequencePoint vc="0" uspid="27" ordinal="0" offset="1" sl="95" sc="0" el="95" ec="0" bec="0" bev="0" fileid="1" />
                <SequencePoint vc="0" uspid="28" ordinal="0" offset="10" sl="96" sc="0" el="96" ec="0" bec="0" bev="0" fileid="1" />
              </SequencePoints>
              <BranchPoints />
            </Method>
            <Method visited="false" cyclomaticComplexity="0" nPathComplexity="0" sequenceCoverage="0.0" branchCoverage="0" crapScore="0" isConstructor="false" isStatic="true" isGetter="false" isSetter="false">
              <Summary numSequencePoints="3" visitedSequencePoints="0" numBranchPoints="0" visitedBranchPoints="0" sequenceCoverage="0.0" branchCoverage="0" maxCyclomaticComplexity="0" minCyclomaticComplexity="0" maxCrapScore="0" minCrapScore="0" visitedClasses="0" numClasses="0" visitedMethods="0" numMethods="1" />
              <MetadataToken>100663305</MetadataToken>
              <Name>static System.Int32 DG.Tweening.DOTweenModuleAudio::DOGoto(UnityEngine.Audio.AudioMixer, System.Single, System.Boolean)</Name>
              <FileRef uid="1" />
              <SequencePoints>
                <SequencePoint vc="0" uspid="29" ordinal="0" offset="0" sl="107" sc="0" el="107" ec="0" bec="0" bev="0" fileid="1" />
                <SequencePoint vc="0" uspid="30" ordinal="0" offset="1" sl="108" sc="0" el="108" ec="0" bec="0" bev="0" fileid="1" />
                <SequencePoint vc="0" uspid="31" ordinal="0" offset="12" sl="109" sc="0" el="109" ec="0" bec="0" bev="0" fileid="1" />
              </SequencePoints>
              <BranchPoints />
            </Method>
            <Method visited="false" cyclomaticComplexity="0" nPathComplexity="0" sequenceCoverage="0.0" branchCoverage="0" crapScore="0" isConstructor="false" isStatic="true" isGetter="false" isSetter="false">
              <Summary numSequencePoints="3" visitedSequencePoints="0" numBranchPoints="0" visitedBranchPoints="0" sequenceCoverage="0.0" branchCoverage="0" maxCyclomaticComplexity="0" minCyclomaticComplexity="0" maxCrapScore="0" minCrapScore="0" visitedClasses="0" numClasses="0" visitedMethods="0" numMethods="1" />
              <MetadataToken>100663306</MetadataToken>
              <Name>static System.Int32 DG.Tweening.DOTweenModuleAudio::DOPause(UnityEngine.Audio.AudioMixer)</Name>
              <FileRef uid="1" />
              <SequencePoints>
                <SequencePoint vc="0" uspid="32" ordinal="0" offset="0" sl="117" sc="0" el="117" ec="0" bec="0" bev="0" fileid="1" />
                <SequencePoint vc="0" uspid="33" ordinal="0" offset="1" sl="118" sc="0" el="118" ec="0" bec="0" bev="0" fileid="1" />
                <SequencePoint vc="0" uspid="34" ordinal="0" offset="10" sl="119" sc="0" el="119" ec="0" bec="0" bev="0" fileid="1" />
              </SequencePoints>
              <BranchPoints />
            </Method>
            <Method visited="false" cyclomaticComplexity="0" nPathComplexity="0" sequenceCoverage="0.0" branchCoverage="0" crapScore="0" isConstructor="false" isStatic="true" isGetter="false" isSetter="false">
              <Summary numSequencePoints="3" visitedSequencePoints="0" numBranchPoints="0" visitedBranchPoints="0" sequenceCoverage="0.0" branchCoverage="0" maxCyclomaticComplexity="0" minCyclomaticComplexity="0" maxCrapScore="0" minCrapScore="0" visitedClasses="0" numClasses="0" visitedMethods="0" numMethods="1" />
              <MetadataToken>100663307</MetadataToken>
              <Name>static System.Int32 DG.Tweening.DOTweenModuleAudio::DOPlay(UnityEngine.Audio.AudioMixer)</Name>
              <FileRef uid="1" />
              <SequencePoints>
                <SequencePoint vc="0" uspid="35" ordinal="0" offset="0" sl="127" sc="0" el="127" ec="0" bec="0" bev="0" fileid="1" />
                <SequencePoint vc="0" uspid="36" ordinal="0" offset="1" sl="128" sc="0" el="128" ec="0" bec="0" bev="0" fileid="1" />
                <SequencePoint vc="0" uspid="37" ordinal="0" offset="10" sl="129" sc="0" el="129" ec="0" bec="0" bev="0" fileid="1" />
              </SequencePoints>
              <BranchPoints />
            </Method>
            <Method visited="false" cyclomaticComplexity="0" nPathComplexity="0" sequenceCoverage="0.0" branchCoverage="0" crapScore="0" isConstructor="false" isStatic="true" isGetter="false" isSetter="false">
              <Summary numSequencePoints="3" visitedSequencePoints="0" numBranchPoints="0" visitedBranchPoints="0" sequenceCoverage="0.0" branchCoverage="0" maxCyclomaticComplexity="0" minCyclomaticComplexity="0" maxCrapScore="0" minCrapScore="0" visitedClasses="0" numClasses="0" visitedMethods="0" numMethods="1" />
              <MetadataToken>100663308</MetadataToken>
              <Name>static System.Int32 DG.Tweening.DOTweenModuleAudio::DOPlayBackwards(UnityEngine.Audio.AudioMixer)</Name>
              <FileRef uid="1" />
              <SequencePoints>
                <SequencePoint vc="0" uspid="38" ordinal="0" offset="0" sl="137" sc="0" el="137" ec="0" bec="0" bev="0" fileid="1" />
                <SequencePoint vc="0" uspid="39" ordinal="0" offset="1" sl="138" sc="0" el="138" ec="0" bec="0" bev="0" fileid="1" />
                <SequencePoint vc="0" uspid="40" ordinal="0" offset="10" sl="139" sc="0" el="139" ec="0" bec="0" bev="0" fileid="1" />
              </SequencePoints>
              <BranchPoints />
            </Method>
            <Method visited="false" cyclomaticComplexity="0" nPathComplexity="0" sequenceCoverage="0.0" branchCoverage="0" crapScore="0" isConstructor="false" isStatic="true" isGetter="false" isSetter="false">
              <Summary numSequencePoints="3" visitedSequencePoints="0" numBranchPoints="0" visitedBranchPoints="0" sequenceCoverage="0.0" branchCoverage="0" maxCyclomaticComplexity="0" minCyclomaticComplexity="0" maxCrapScore="0" minCrapScore="0" visitedClasses="0" numClasses="0" visitedMethods="0" numMethods="1" />
              <MetadataToken>100663309</MetadataToken>
              <Name>static System.Int32 DG.Tweening.DOTweenModuleAudio::DOPlayForward(UnityEngine.Audio.AudioMixer)</Name>
              <FileRef uid="1" />
              <SequencePoints>
                <SequencePoint vc="0" uspid="41" ordinal="0" offset="0" sl="147" sc="0" el="147" ec="0" bec="0" bev="0" fileid="1" />
                <SequencePoint vc="0" uspid="42" ordinal="0" offset="1" sl="148" sc="0" el="148" ec="0" bec="0" bev="0" fileid="1" />
                <SequencePoint vc="0" uspid="43" ordinal="0" offset="10" sl="149" sc="0" el="149" ec="0" bec="0" bev="0" fileid="1" />
              </SequencePoints>
              <BranchPoints />
            </Method>
            <Method visited="false" cyclomaticComplexity="0" nPathComplexity="0" sequenceCoverage="0.0" branchCoverage="0" crapScore="0" isConstructor="false" isStatic="true" isGetter="false" isSetter="false">
              <Summary numSequencePoints="3" visitedSequencePoints="0" numBranchPoints="0" visitedBranchPoints="0" sequenceCoverage="0.0" branchCoverage="0" maxCyclomaticComplexity="0" minCyclomaticComplexity="0" maxCrapScore="0" minCrapScore="0" visitedClasses="0" numClasses="0" visitedMethods="0" numMethods="1" />
              <MetadataToken>100663310</MetadataToken>
              <Name>static System.Int32 DG.Tweening.DOTweenModuleAudio::DORestart(UnityEngine.Audio.AudioMixer)</Name>
              <FileRef uid="1" />
              <SequencePoints>
                <SequencePoint vc="0" uspid="44" ordinal="0" offset="0" sl="157" sc="0" el="157" ec="0" bec="0" bev="0" fileid="1" />
                <SequencePoint vc="0" uspid="45" ordinal="0" offset="1" sl="158" sc="0" el="158" ec="0" bec="0" bev="0" fileid="1" />
                <SequencePoint vc="0" uspid="46" ordinal="0" offset="16" sl="159" sc="0" el="159" ec="0" bec="0" bev="0" fileid="1" />
              </SequencePoints>
              <BranchPoints />
            </Method>
            <Method visited="false" cyclomaticComplexity="0" nPathComplexity="0" sequenceCoverage="0.0" branchCoverage="0" crapScore="0" isConstructor="false" isStatic="true" isGetter="false" isSetter="false">
              <Summary numSequencePoints="3" visitedSequencePoints="0" numBranchPoints="0" visitedBranchPoints="0" sequenceCoverage="0.0" branchCoverage="0" maxCyclomaticComplexity="0" minCyclomaticComplexity="0" maxCrapScore="0" minCrapScore="0" visitedClasses="0" numClasses="0" visitedMethods="0" numMethods="1" />
              <MetadataToken>100663311</MetadataToken>
              <Name>static System.Int32 DG.Tweening.DOTweenModuleAudio::DORewind(UnityEngine.Audio.AudioMixer)</Name>
              <FileRef uid="1" />
              <SequencePoints>
                <SequencePoint vc="0" uspid="47" ordinal="0" offset="0" sl="167" sc="0" el="167" ec="0" bec="0" bev="0" fileid="1" />
                <SequencePoint vc="0" uspid="48" ordinal="0" offset="1" sl="168" sc="0" el="168" ec="0" bec="0" bev="0" fileid="1" />
                <SequencePoint vc="0" uspid="49" ordinal="0" offset="11" sl="169" sc="0" el="169" ec="0" bec="0" bev="0" fileid="1" />
              </SequencePoints>
              <BranchPoints />
            </Method>
            <Method visited="false" cyclomaticComplexity="0" nPathComplexity="0" sequenceCoverage="0.0" branchCoverage="0" crapScore="0" isConstructor="false" isStatic="true" isGetter="false" isSetter="false">
              <Summary numSequencePoints="3" visitedSequencePoints="0" numBranchPoints="0" visitedBranchPoints="0" sequenceCoverage="0.0" branchCoverage="0" maxCyclomaticComplexity="0" minCyclomaticComplexity="0" maxCrapScore="0" minCrapScore="0" visitedClasses="0" numClasses="0" visitedMethods="0" numMethods="1" />
              <MetadataToken>100663312</MetadataToken>
              <Name>static System.Int32 DG.Tweening.DOTweenModuleAudio::DOSmoothRewind(UnityEngine.Audio.AudioMixer)</Name>
              <FileRef uid="1" />
              <SequencePoints>
                <SequencePoint vc="0" uspid="50" ordinal="0" offset="0" sl="177" sc="0" el="177" ec="0" bec="0" bev="0" fileid="1" />
                <SequencePoint vc="0" uspid="51" ordinal="0" offset="1" sl="178" sc="0" el="178" ec="0" bec="0" bev="0" fileid="1" />
                <SequencePoint vc="0" uspid="52" ordinal="0" offset="10" sl="179" sc="0" el="179" ec="0" bec="0" bev="0" fileid="1" />
              </SequencePoints>
              <BranchPoints />
            </Method>
            <Method visited="false" cyclomaticComplexity="0" nPathComplexity="0" sequenceCoverage="0.0" branchCoverage="0" crapScore="0" isConstructor="false" isStatic="true" isGetter="false" isSetter="false">
              <Summary numSequencePoints="3" visitedSequencePoints="0" numBranchPoints="0" visitedBranchPoints="0" sequenceCoverage="0.0" branchCoverage="0" maxCyclomaticComplexity="0" minCyclomaticComplexity="0" maxCrapScore="0" minCrapScore="0" visitedClasses="0" numClasses="0" visitedMethods="0" numMethods="1" />
              <MetadataToken>100663313</MetadataToken>
              <Name>static System.Int32 DG.Tweening.DOTweenModuleAudio::DOTogglePause(UnityEngine.Audio.AudioMixer)</Name>
              <FileRef uid="1" />
              <SequencePoints>
                <SequencePoint vc="0" uspid="53" ordinal="0" offset="0" sl="187" sc="0" el="187" ec="0" bec="0" bev="0" fileid="1" />
                <SequencePoint vc="0" uspid="54" ordinal="0" offset="1" sl="188" sc="0" el="188" ec="0" bec="0" bev="0" fileid="1" />
                <SequencePoint vc="0" uspid="55" ordinal="0" offset="10" sl="189" sc="0" el="189" ec="0" bec="0" bev="0" fileid="1" />
              </SequencePoints>
              <BranchPoints />
            </Method>
          </Methods>
        </Class>
        <Class>
          <Summary numSequencePoints="76" visitedSequencePoints="0" numBranchPoints="0" visitedBranchPoints="0" sequenceCoverage="0.0" branchCoverage="0.0" maxCyclomaticComplexity="0" minCyclomaticComplexity="0" maxCrapScore="0" minCrapScore="0" visitedClasses="0" numClasses="1" visitedMethods="0" numMethods="11" />
          <FullName>DG.Tweening.DOTweenModulePhysics</FullName>
          <Methods>
            <Method visited="false" cyclomaticComplexity="0" nPathComplexity="0" sequenceCoverage="0.0" branchCoverage="0" crapScore="0" isConstructor="false" isStatic="true" isGetter="false" isSetter="false">
              <Summary numSequencePoints="5" visitedSequencePoints="0" numBranchPoints="0" visitedBranchPoints="0" sequenceCoverage="0.0" branchCoverage="0" maxCyclomaticComplexity="0" minCyclomaticComplexity="0" maxCrapScore="0" minCrapScore="0" visitedClasses="0" numClasses="0" visitedMethods="0" numMethods="1" />
              <MetadataToken>100663314</MetadataToken>
              <Name>static DG.Tweening.Core.TweenerCore[Vector3,Vector3,VectorOptions] DG.Tweening.DOTweenModulePhysics::DOMove(UnityEngine.Rigidbody, UnityEngine.Vector3, System.Single, System.Boolean)</Name>
              <FileRef uid="2" />
              <SequencePoints>
                <SequencePoint vc="0" uspid="56" ordinal="0" offset="13" sl="27" sc="0" el="27" ec="0" bec="0" bev="0" fileid="2" />
                <SequencePoint vc="0" uspid="57" ordinal="0" offset="14" sl="28" sc="0" el="28" ec="0" bec="0" bev="0" fileid="2" />
                <SequencePoint vc="0" uspid="58" ordinal="0" offset="51" sl="29" sc="0" el="29" ec="0" bec="0" bev="0" fileid="2" />
                <SequencePoint vc="0" uspid="59" ordinal="0" offset="70" sl="30" sc="0" el="30" ec="0" bec="0" bev="0" fileid="2" />
                <SequencePoint vc="0" uspid="60" ordinal="0" offset="74" sl="31" sc="0" el="31" ec="0" bec="0" bev="0" fileid="2" />
              </SequencePoints>
              <BranchPoints />
            </Method>
            <Method visited="false" cyclomaticComplexity="0" nPathComplexity="0" sequenceCoverage="0.0" branchCoverage="0" crapScore="0" isConstructor="false" isStatic="true" isGetter="false" isSetter="false">
              <Summary numSequencePoints="5" visitedSequencePoints="0" numBranchPoints="0" visitedBranchPoints="0" sequenceCoverage="0.0" branchCoverage="0" maxCyclomaticComplexity="0" minCyclomaticComplexity="0" maxCrapScore="0" minCrapScore="0" visitedClasses="0" numClasses="0" visitedMethods="0" numMethods="1" />
              <MetadataToken>100663315</MetadataToken>
              <Name>static DG.Tweening.Core.TweenerCore[Vector3,Vector3,VectorOptions] DG.Tweening.DOTweenModulePhysics::DOMoveX(UnityEngine.Rigidbody, System.Single, System.Single, System.Boolean)</Name>
              <FileRef uid="2" />
              <SequencePoints>
                <SequencePoint vc="0" uspid="61" ordinal="0" offset="13" sl="38" sc="0" el="38" ec="0" bec="0" bev="0" fileid="2" />
                <SequencePoint vc="0" uspid="62" ordinal="0" offset="14" sl="39" sc="0" el="39" ec="0" bec="0" bev="0" fileid="2" />
                <SequencePoint vc="0" uspid="63" ordinal="0" offset="66" sl="40" sc="0" el="40" ec="0" bec="0" bev="0" fileid="2" />
                <SequencePoint vc="0" uspid="64" ordinal="0" offset="86" sl="41" sc="0" el="41" ec="0" bec="0" bev="0" fileid="2" />
                <SequencePoint vc="0" uspid="65" ordinal="0" offset="90" sl="42" sc="0" el="42" ec="0" bec="0" bev="0" fileid="2" />
              </SequencePoints>
              <BranchPoints />
            </Method>
            <Method visited="false" cyclomaticComplexity="0" nPathComplexity="0" sequenceCoverage="0.0" branchCoverage="0" crapScore="0" isConstructor="false" isStatic="true" isGetter="false" isSetter="false">
              <Summary numSequencePoints="5" visitedSequencePoints="0" numBranchPoints="0" visitedBranchPoints="0" sequenceCoverage="0.0" branchCoverage="0" maxCyclomaticComplexity="0" minCyclomaticComplexity="0" maxCrapScore="0" minCrapScore="0" visitedClasses="0" numClasses="0" visitedMethods="0" numMethods="1" />
              <MetadataToken>100663316</MetadataToken>
              <Name>static DG.Tweening.Core.TweenerCore[Vector3,Vector3,VectorOptions] DG.Tweening.DOTweenModulePhysics::DOMoveY(UnityEngine.Rigidbody, System.Single, System.Single, System.Boolean)</Name>
              <FileRef uid="2" />
              <SequencePoints>
                <SequencePoint vc="0" uspid="66" ordinal="0" offset="13" sl="49" sc="0" el="49" ec="0" bec="0" bev="0" fileid="2" />
                <SequencePoint vc="0" uspid="67" ordinal="0" offset="14" sl="50" sc="0" el="50" ec="0" bec="0" bev="0" fileid="2" />
                <SequencePoint vc="0" uspid="68" ordinal="0" offset="66" sl="51" sc="0" el="51" ec="0" bec="0" bev="0" fileid="2" />
                <SequencePoint vc="0" uspid="69" ordinal="0" offset="86" sl="52" sc="0" el="52" ec="0" bec="0" bev="0" fileid="2" />
                <SequencePoint vc="0" uspid="70" ordinal="0" offset="90" sl="53" sc="0" el="53" ec="0" bec="0" bev="0" fileid="2" />
              </SequencePoints>
              <BranchPoints />
            </Method>
            <Method visited="false" cyclomaticComplexity="0" nPathComplexity="0" sequenceCoverage="0.0" branchCoverage="0" crapScore="0" isConstructor="false" isStatic="true" isGetter="false" isSetter="false">
              <Summary numSequencePoints="5" visitedSequencePoints="0" numBranchPoints="0" visitedBranchPoints="0" sequenceCoverage="0.0" branchCoverage="0" maxCyclomaticComplexity="0" minCyclomaticComplexity="0" maxCrapScore="0" minCrapScore="0" visitedClasses="0" numClasses="0" visitedMethods="0" numMethods="1" />
              <MetadataToken>100663317</MetadataToken>
              <Name>static DG.Tweening.Core.TweenerCore[Vector3,Vector3,VectorOptions] DG.Tweening.DOTweenModulePhysics::DOMoveZ(UnityEngine.Rigidbody, System.Single, System.Single, System.Boolean)</Name>
              <FileRef uid="2" />
              <SequencePoints>
                <SequencePoint vc="0" uspid="71" ordinal="0" offset="13" sl="60" sc="0" el="60" ec="0" bec="0" bev="0" fileid="2" />
                <SequencePoint vc="0" uspid="72" ordinal="0" offset="14" sl="61" sc="0" el="61" ec="0" bec="0" bev="0" fileid="2" />
                <SequencePoint vc="0" uspid="73" ordinal="0" offset="66" sl="62" sc="0" el="62" ec="0" bec="0" bev="0" fileid="2" />
                <SequencePoint vc="0" uspid="74" ordinal="0" offset="86" sl="63" sc="0" el="63" ec="0" bec="0" bev="0" fileid="2" />
                <SequencePoint vc="0" uspid="75" ordinal="0" offset="90" sl="64" sc="0" el="64" ec="0" bec="0" bev="0" fileid="2" />
              </SequencePoints>
              <BranchPoints />
            </Method>
            <Method visited="false" cyclomaticComplexity="0" nPathComplexity="0" sequenceCoverage="0.0" branchCoverage="0" crapScore="0" isConstructor="false" isStatic="true" isGetter="false" isSetter="false">
              <Summary numSequencePoints="6" visitedSequencePoints="0" numBranchPoints="0" visitedBranchPoints="0" sequenceCoverage="0.0" branchCoverage="0" maxCyclomaticComplexity="0" minCyclomaticComplexity="0" maxCrapScore="0" minCrapScore="0" visitedClasses="0" numClasses="0" visitedMethods="0" numMethods="1" />
              <MetadataToken>100663318</MetadataToken>
              <Name>static DG.Tweening.Core.TweenerCore[Quaternion,Vector3,QuaternionOptions] DG.Tweening.DOTweenModulePhysics::DORotate(UnityEngine.Rigidbody, UnityEngine.Vector3, System.Single, DG.Tweening.RotateMode)</Name>
              <FileRef uid="2" />
              <SequencePoints>
                <SequencePoint vc="0" uspid="76" ordinal="0" offset="13" sl="71" sc="0" el="71" ec="0" bec="0" bev="0" fileid="2" />
                <SequencePoint vc="0" uspid="77" ordinal="0" offset="14" sl="72" sc="0" el="72" ec="0" bec="0" bev="0" fileid="2" />
                <SequencePoint vc="0" uspid="78" ordinal="0" offset="51" sl="73" sc="0" el="73" ec="0" bec="0" bev="0" fileid="2" />
                <SequencePoint vc="0" uspid="79" ordinal="0" offset="64" sl="74" sc="0" el="74" ec="0" bec="0" bev="0" fileid="2" />
                <SequencePoint vc="0" uspid="80" ordinal="0" offset="76" sl="75" sc="0" el="75" ec="0" bec="0" bev="0" fileid="2" />
                <SequencePoint vc="0" uspid="81" ordinal="0" offset="80" sl="76" sc="0" el="76" ec="0" bec="0" bev="0" fileid="2" />
              </SequencePoints>
              <BranchPoints />
            </Method>
            <Method visited="false" cyclomaticComplexity="0" nPathComplexity="0" sequenceCoverage="0.0" branchCoverage="0" crapScore="0" isConstructor="false" isStatic="true" isGetter="false" isSetter="false">
              <Summary numSequencePoints="6" visitedSequencePoints="0" numBranchPoints="0" visitedBranchPoints="0" sequenceCoverage="0.0" branchCoverage="0" maxCyclomaticComplexity="0" minCyclomaticComplexity="0" maxCrapScore="0" minCrapScore="0" visitedClasses="0" numClasses="0" visitedMethods="0" numMethods="1" />
              <MetadataToken>100663319</MetadataToken>
              <Name>static DG.Tweening.Core.TweenerCore[Quaternion,Vector3,QuaternionOptions] DG.Tweening.DOTweenModulePhysics::DOLookAt(UnityEngine.Rigidbody, UnityEngine.Vector3, System.Single, DG.Tweening.AxisConstraint, System.Nullable[Vector3])</Name>
              <FileRef uid="2" />
              <SequencePoints>
                <SequencePoint vc="0" uspid="82" ordinal="0" offset="13" sl="84" sc="0" el="84" ec="0" bec="0" bev="0" fileid="2" />
                <SequencePoint vc="0" uspid="83" ordinal="0" offset="14" sl="85" sc="0" el="85" ec="0" bec="0" bev="0" fileid="2" />
                <SequencePoint vc="0" uspid="84" ordinal="0" offset="68" sl="87" sc="0" el="87" ec="0" bec="0" bev="0" fileid="2" />
                <SequencePoint vc="0" uspid="85" ordinal="0" offset="80" sl="88" sc="0" el="88" ec="0" bec="0" bev="0" fileid="2" />
                <SequencePoint vc="0" uspid="86" ordinal="0" offset="114" sl="89" sc="0" el="89" ec="0" bec="0" bev="0" fileid="2" />
                <SequencePoint vc="0" uspid="87" ordinal="0" offset="118" sl="90" sc="0" el="90" ec="0" bec="0" bev="0" fileid="2" />
              </SequencePoints>
              <BranchPoints />
            </Method>
            <Method visited="false" cyclomaticComplexity="0" nPathComplexity="0" sequenceCoverage="0.0" branchCoverage="0" crapScore="0" isConstructor="false" isStatic="true" isGetter="false" isSetter="false">
              <Summary numSequencePoints="12" visitedSequencePoints="0" numBranchPoints="0" visitedBranchPoints="0" sequenceCoverage="0.0" branchCoverage="0" maxCyclomaticComplexity="0" minCyclomaticComplexity="0" maxCrapScore="0" minCrapScore="0" visitedClasses="0" numClasses="0" visitedMethods="0" numMethods="1" />
              <MetadataToken>100663320</MetadataToken>
              <Name>static DG.Tweening.Sequence DG.Tweening.DOTweenModulePhysics::DOJump(UnityEngine.Rigidbody, UnityEngine.Vector3, System.Single, System.Int32, System.Single, System.Boolean)</Name>
              <FileRef uid="2" />
              <SequencePoints>
                <SequencePoint vc="0" uspid="88" ordinal="0" offset="20" sl="103" sc="0" el="103" ec="0" bec="0" bev="0" fileid="2" />
                <SequencePoint vc="0" uspid="89" ordinal="0" offset="21" sl="104" sc="0" el="104" ec="0" bec="0" bev="0" fileid="2" />
                <SequencePoint vc="0" uspid="90" ordinal="0" offset="29" sl="104" sc="0" el="104" ec="0" bec="0" bev="0" fileid="2" />
                <SequencePoint vc="0" uspid="91" ordinal="0" offset="32" sl="105" sc="0" el="105" ec="0" bec="0" bev="0" fileid="2" />
                <SequencePoint vc="0" uspid="92" ordinal="0" offset="43" sl="106" sc="0" el="106" ec="0" bec="0" bev="0" fileid="2" />
                <SequencePoint vc="0" uspid="93" ordinal="0" offset="54" sl="107" sc="0" el="107" ec="0" bec="0" bev="0" fileid="2" />
                <SequencePoint vc="0" uspid="94" ordinal="0" offset="61" sl="108" sc="0" el="108" ec="0" bec="0" bev="0" fileid="2" />
                <SequencePoint vc="0" uspid="95" ordinal="0" offset="72" sl="109" sc="0" el="109" ec="0" bec="0" bev="0" fileid="2" />
                <SequencePoint vc="0" uspid="96" ordinal="0" offset="180" sl="113" sc="0" el="113" ec="0" bec="0" bev="0" fileid="2" />
                <SequencePoint vc="0" uspid="97" ordinal="0" offset="381" sl="119" sc="0" el="119" ec="0" bec="0" bev="0" fileid="2" />
                <SequencePoint vc="0" uspid="98" ordinal="0" offset="405" sl="128" sc="0" el="128" ec="0" bec="0" bev="0" fileid="2" />
                <SequencePoint vc="0" uspid="99" ordinal="0" offset="414" sl="129" sc="0" el="129" ec="0" bec="0" bev="0" fileid="2" />
              </SequencePoints>
              <BranchPoints />
            </Method>
            <Method visited="false" cyclomaticComplexity="0" nPathComplexity="0" sequenceCoverage="0.0" branchCoverage="0" crapScore="0" isConstructor="false" isStatic="true" isGetter="false" isSetter="false">
              <Summary numSequencePoints="8" visitedSequencePoints="0" numBranchPoints="0" visitedBranchPoints="0" sequenceCoverage="0.0" branchCoverage="0" maxCyclomaticComplexity="0" minCyclomaticComplexity="0" maxCrapScore="0" minCrapScore="0" visitedClasses="0" numClasses="0" visitedMethods="0" numMethods="1" />
              <MetadataToken>100663321</MetadataToken>
              <Name>static DG.Tweening.Core.TweenerCore[Vector3,Path,PathOptions] DG.Tweening.DOTweenModulePhysics::DOPath(UnityEngine.Rigidbody, UnityEngine.Vector3[], System.Single, DG.Tweening.PathType, DG.Tweening.PathMode, System.Int32, System.Nullable[Color])</Name>
              <FileRef uid="2" />
              <SequencePoints>
                <SequencePoint vc="0" uspid="100" ordinal="0" offset="13" sl="147" sc="0" el="147" ec="0" bec="0" bev="0" fileid="2" />
                <SequencePoint vc="0" uspid="101" ordinal="0" offset="14" sl="148" sc="0" el="148" ec="0" bec="0" bev="0" fileid="2" />
                <SequencePoint vc="0" uspid="102" ordinal="0" offset="23" sl="148" sc="0" el="148" ec="0" bec="0" bev="0" fileid="2" />
                <SequencePoint vc="0" uspid="103" ordinal="0" offset="26" sl="149" sc="0" el="149" ec="0" bec="0" bev="0" fileid="2" />
                <SequencePoint vc="0" uspid="104" ordinal="0" offset="95" sl="152" sc="0" el="152" ec="0" bec="0" bev="0" fileid="2" />
                <SequencePoint vc="0" uspid="105" ordinal="0" offset="107" sl="153" sc="0" el="153" ec="0" bec="0" bev="0" fileid="2" />
                <SequencePoint vc="0" uspid="106" ordinal="0" offset="120" sl="154" sc="0" el="154" ec="0" bec="0" bev="0" fileid="2" />
                <SequencePoint vc="0" uspid="107" ordinal="0" offset="124" sl="155" sc="0" el="155" ec="0" bec="0" bev="0" fileid="2" />
              </SequencePoints>
              <BranchPoints />
            </Method>
            <Method visited="false" cyclomaticComplexity="0" nPathComplexity="0" sequenceCoverage="0.0" branchCoverage="0" crapScore="0" isConstructor="false" isStatic="true" isGetter="false" isSetter="false">
              <Summary numSequencePoints="10" visitedSequencePoints="0" numBranchPoints="0" visitedBranchPoints="0" sequenceCoverage="0.0" branchCoverage="0" maxCyclomaticComplexity="0" minCyclomaticComplexity="0" maxCrapScore="0" minCrapScore="0" visitedClasses="0" numClasses="0" visitedMethods="0" numMethods="1" />
              <MetadataToken>100663322</MetadataToken>
              <Name>static DG.Tweening.Core.TweenerCore[Vector3,Path,PathOptions] DG.Tweening.DOTweenModulePhysics::DOLocalPath(UnityEngine.Rigidbody, UnityEngine.Vector3[], System.Single, DG.Tweening.PathType, DG.Tweening.PathMode, System.Int32, System.Nullable[Color])</Name>
              <FileRef uid="2" />
              <SequencePoints>
                <SequencePoint vc="0" uspid="108" ordinal="0" offset="13" sl="172" sc="0" el="172" ec="0" bec="0" bev="0" fileid="2" />
                <SequencePoint vc="0" uspid="109" ordinal="0" offset="14" sl="173" sc="0" el="173" ec="0" bec="0" bev="0" fileid="2" />
                <SequencePoint vc="0" uspid="110" ordinal="0" offset="23" sl="173" sc="0" el="173" ec="0" bec="0" bev="0" fileid="2" />
                <SequencePoint vc="0" uspid="111" ordinal="0" offset="26" sl="174" sc="0" el="174" ec="0" bec="0" bev="0" fileid="2" />
                <SequencePoint vc="0" uspid="112" ordinal="0" offset="43" sl="175" sc="0" el="175" ec="0" bec="0" bev="0" fileid="2" />
                <SequencePoint vc="0" uspid="113" ordinal="0" offset="107" sl="178" sc="0" el="178" ec="0" bec="0" bev="0" fileid="2" />
                <SequencePoint vc="0" uspid="114" ordinal="0" offset="119" sl="179" sc="0" el="179" ec="0" bec="0" bev="0" fileid="2" />
                <SequencePoint vc="0" uspid="115" ordinal="0" offset="132" sl="180" sc="0" el="180" ec="0" bec="0" bev="0" fileid="2" />
                <SequencePoint vc="0" uspid="116" ordinal="0" offset="144" sl="181" sc="0" el="181" ec="0" bec="0" bev="0" fileid="2" />
                <SequencePoint vc="0" uspid="117" ordinal="0" offset="148" sl="182" sc="0" el="182" ec="0" bec="0" bev="0" fileid="2" />
              </SequencePoints>
              <BranchPoints />
            </Method>
            <Method visited="false" cyclomaticComplexity="0" nPathComplexity="0" sequenceCoverage="0.0" branchCoverage="0" crapScore="0" isConstructor="false" isStatic="true" isGetter="false" isSetter="false">
              <Summary numSequencePoints="6" visitedSequencePoints="0" numBranchPoints="0" visitedBranchPoints="0" sequenceCoverage="0.0" branchCoverage="0" maxCyclomaticComplexity="0" minCyclomaticComplexity="0" maxCrapScore="0" minCrapScore="0" visitedClasses="0" numClasses="0" visitedMethods="0" numMethods="1" />
              <MetadataToken>100663323</MetadataToken>
              <Name>static DG.Tweening.Core.TweenerCore[Vector3,Path,PathOptions] DG.Tweening.DOTweenModulePhysics::DOPath(UnityEngine.Rigidbody, DG.Tweening.Plugins.Core.PathCore.Path, System.Single, DG.Tweening.PathMode)</Name>
              <FileRef uid="2" />
              <SequencePoints>
                <SequencePoint vc="0" uspid="118" ordinal="0" offset="13" sl="187" sc="0" el="187" ec="0" bec="0" bev="0" fileid="2" />
                <SequencePoint vc="0" uspid="119" ordinal="0" offset="14" sl="188" sc="0" el="188" ec="0" bec="0" bev="0" fileid="2" />
                <SequencePoint vc="0" uspid="120" ordinal="0" offset="67" sl="191" sc="0" el="191" ec="0" bec="0" bev="0" fileid="2" />
                <SequencePoint vc="0" uspid="121" ordinal="0" offset="79" sl="192" sc="0" el="192" ec="0" bec="0" bev="0" fileid="2" />
                <SequencePoint vc="0" uspid="122" ordinal="0" offset="91" sl="193" sc="0" el="193" ec="0" bec="0" bev="0" fileid="2" />
                <SequencePoint vc="0" uspid="123" ordinal="0" offset="95" sl="194" sc="0" el="194" ec="0" bec="0" bev="0" fileid="2" />
              </SequencePoints>
              <BranchPoints />
            </Method>
            <Method visited="false" cyclomaticComplexity="0" nPathComplexity="0" sequenceCoverage="0.0" branchCoverage="0" crapScore="0" isConstructor="false" isStatic="true" isGetter="false" isSetter="false">
              <Summary numSequencePoints="8" visitedSequencePoints="0" numBranchPoints="0" visitedBranchPoints="0" sequenceCoverage="0.0" branchCoverage="0" maxCyclomaticComplexity="0" minCyclomaticComplexity="0" maxCrapScore="0" minCrapScore="0" visitedClasses="0" numClasses="0" visitedMethods="0" numMethods="1" />
              <MetadataToken>100663324</MetadataToken>
              <Name>static DG.Tweening.Core.TweenerCore[Vector3,Path,PathOptions] DG.Tweening.DOTweenModulePhysics::DOLocalPath(UnityEngine.Rigidbody, DG.Tweening.Plugins.Core.PathCore.Path, System.Single, DG.Tweening.PathMode)</Name>
              <FileRef uid="2" />
              <SequencePoints>
                <SequencePoint vc="0" uspid="124" ordinal="0" offset="13" sl="198" sc="0" el="198" ec="0" bec="0" bev="0" fileid="2" />
                <SequencePoint vc="0" uspid="125" ordinal="0" offset="14" sl="199" sc="0" el="199" ec="0" bec="0" bev="0" fileid="2" />
                <SequencePoint vc="0" uspid="126" ordinal="0" offset="31" sl="200" sc="0" el="200" ec="0" bec="0" bev="0" fileid="2" />
                <SequencePoint vc="0" uspid="127" ordinal="0" offset="79" sl="203" sc="0" el="203" ec="0" bec="0" bev="0" fileid="2" />
                <SequencePoint vc="0" uspid="128" ordinal="0" offset="91" sl="204" sc="0" el="204" ec="0" bec="0" bev="0" fileid="2" />
                <SequencePoint vc="0" uspid="129" ordinal="0" offset="103" sl="205" sc="0" el="205" ec="0" bec="0" bev="0" fileid="2" />
                <SequencePoint vc="0" uspid="130" ordinal="0" offset="115" sl="206" sc="0" el="206" ec="0" bec="0" bev="0" fileid="2" />
                <SequencePoint vc="0" uspid="131" ordinal="0" offset="119" sl="207" sc="0" el="207" ec="0" bec="0" bev="0" fileid="2" />
              </SequencePoints>
              <BranchPoints />
            </Method>
          </Methods>
        </Class>
        <Class>
          <Summary numSequencePoints="76" visitedSequencePoints="0" numBranchPoints="0" visitedBranchPoints="0" sequenceCoverage="0.0" branchCoverage="0.0" maxCyclomaticComplexity="0" minCyclomaticComplexity="0" maxCrapScore="0" minCrapScore="0" visitedClasses="0" numClasses="1" visitedMethods="0" numMethods="9" />
          <FullName>DG.Tweening.DOTweenModulePhysics2D</FullName>
          <Methods>
            <Method visited="false" cyclomaticComplexity="0" nPathComplexity="0" sequenceCoverage="0.0" branchCoverage="0" crapScore="0" isConstructor="false" isStatic="true" isGetter="false" isSetter="false">
              <Summary numSequencePoints="5" visitedSequencePoints="0" numBranchPoints="0" visitedBranchPoints="0" sequenceCoverage="0.0" branchCoverage="0" maxCyclomaticComplexity="0" minCyclomaticComplexity="0" maxCrapScore="0" minCrapScore="0" visitedClasses="0" numClasses="0" visitedMethods="0" numMethods="1" />
              <MetadataToken>100663325</MetadataToken>
              <Name>static DG.Tweening.Core.TweenerCore[Vector2,Vector2,VectorOptions] DG.Tweening.DOTweenModulePhysics2D::DOMove(UnityEngine.Rigidbody2D, UnityEngine.Vector2, System.Single, System.Boolean)</Name>
              <FileRef uid="3" />
              <SequencePoints>
                <SequencePoint vc="0" uspid="132" ordinal="0" offset="13" sl="26" sc="0" el="26" ec="0" bec="0" bev="0" fileid="3" />
                <SequencePoint vc="0" uspid="133" ordinal="0" offset="14" sl="27" sc="0" el="27" ec="0" bec="0" bev="0" fileid="3" />
                <SequencePoint vc="0" uspid="134" ordinal="0" offset="51" sl="28" sc="0" el="28" ec="0" bec="0" bev="0" fileid="3" />
                <SequencePoint vc="0" uspid="135" ordinal="0" offset="70" sl="29" sc="0" el="29" ec="0" bec="0" bev="0" fileid="3" />
                <SequencePoint vc="0" uspid="136" ordinal="0" offset="74" sl="30" sc="0" el="30" ec="0" bec="0" bev="0" fileid="3" />
              </SequencePoints>
              <BranchPoints />
            </Method>
            <Method visited="false" cyclomaticComplexity="0" nPathComplexity="0" sequenceCoverage="0.0" branchCoverage="0" crapScore="0" isConstructor="false" isStatic="true" isGetter="false" isSetter="false">
              <Summary numSequencePoints="5" visitedSequencePoints="0" numBranchPoints="0" visitedBranchPoints="0" sequenceCoverage="0.0" branchCoverage="0" maxCyclomaticComplexity="0" minCyclomaticComplexity="0" maxCrapScore="0" minCrapScore="0" visitedClasses="0" numClasses="0" visitedMethods="0" numMethods="1" />
              <MetadataToken>100663326</MetadataToken>
              <Name>static DG.Tweening.Core.TweenerCore[Vector2,Vector2,VectorOptions] DG.Tweening.DOTweenModulePhysics2D::DOMoveX(UnityEngine.Rigidbody2D, System.Single, System.Single, System.Boolean)</Name>
              <FileRef uid="3" />
              <SequencePoints>
                <SequencePoint vc="0" uspid="137" ordinal="0" offset="13" sl="37" sc="0" el="37" ec="0" bec="0" bev="0" fileid="3" />
                <SequencePoint vc="0" uspid="138" ordinal="0" offset="14" sl="38" sc="0" el="38" ec="0" bec="0" bev="0" fileid="3" />
                <SequencePoint vc="0" uspid="139" ordinal="0" offset="61" sl="39" sc="0" el="39" ec="0" bec="0" bev="0" fileid="3" />
                <SequencePoint vc="0" uspid="140" ordinal="0" offset="81" sl="40" sc="0" el="40" ec="0" bec="0" bev="0" fileid="3" />
                <SequencePoint vc="0" uspid="141" ordinal="0" offset="85" sl="41" sc="0" el="41" ec="0" bec="0" bev="0" fileid="3" />
              </SequencePoints>
              <BranchPoints />
            </Method>
            <Method visited="false" cyclomaticComplexity="0" nPathComplexity="0" sequenceCoverage="0.0" branchCoverage="0" crapScore="0" isConstructor="false" isStatic="true" isGetter="false" isSetter="false">
              <Summary numSequencePoints="5" visitedSequencePoints="0" numBranchPoints="0" visitedBranchPoints="0" sequenceCoverage="0.0" branchCoverage="0" maxCyclomaticComplexity="0" minCyclomaticComplexity="0" maxCrapScore="0" minCrapScore="0" visitedClasses="0" numClasses="0" visitedMethods="0" numMethods="1" />
              <MetadataToken>100663327</MetadataToken>
              <Name>static DG.Tweening.Core.TweenerCore[Vector2,Vector2,VectorOptions] DG.Tweening.DOTweenModulePhysics2D::DOMoveY(UnityEngine.Rigidbody2D, System.Single, System.Single, System.Boolean)</Name>
              <FileRef uid="3" />
              <SequencePoints>
                <SequencePoint vc="0" uspid="142" ordinal="0" offset="13" sl="48" sc="0" el="48" ec="0" bec="0" bev="0" fileid="3" />
                <SequencePoint vc="0" uspid="143" ordinal="0" offset="14" sl="49" sc="0" el="49" ec="0" bec="0" bev="0" fileid="3" />
                <SequencePoint vc="0" uspid="144" ordinal="0" offset="61" sl="50" sc="0" el="50" ec="0" bec="0" bev="0" fileid="3" />
                <SequencePoint vc="0" uspid="145" ordinal="0" offset="81" sl="51" sc="0" el="51" ec="0" bec="0" bev="0" fileid="3" />
                <SequencePoint vc="0" uspid="146" ordinal="0" offset="85" sl="52" sc="0" el="52" ec="0" bec="0" bev="0" fileid="3" />
              </SequencePoints>
              <BranchPoints />
            </Method>
            <Method visited="false" cyclomaticComplexity="0" nPathComplexity="0" sequenceCoverage="0.0" branchCoverage="0" crapScore="0" isConstructor="false" isStatic="true" isGetter="false" isSetter="false">
              <Summary numSequencePoints="5" visitedSequencePoints="0" numBranchPoints="0" visitedBranchPoints="0" sequenceCoverage="0.0" branchCoverage="0" maxCyclomaticComplexity="0" minCyclomaticComplexity="0" maxCrapScore="0" minCrapScore="0" visitedClasses="0" numClasses="0" visitedMethods="0" numMethods="1" />
              <MetadataToken>100663328</MetadataToken>
              <Name>static DG.Tweening.Core.TweenerCore[Single,Single,FloatOptions] DG.Tweening.DOTweenModulePhysics2D::DORotate(UnityEngine.Rigidbody2D, System.Single, System.Single)</Name>
              <FileRef uid="3" />
              <SequencePoints>
                <SequencePoint vc="0" uspid="147" ordinal="0" offset="13" sl="58" sc="0" el="58" ec="0" bec="0" bev="0" fileid="3" />
                <SequencePoint vc="0" uspid="148" ordinal="0" offset="14" sl="59" sc="0" el="59" ec="0" bec="0" bev="0" fileid="3" />
                <SequencePoint vc="0" uspid="149" ordinal="0" offset="51" sl="60" sc="0" el="60" ec="0" bec="0" bev="0" fileid="3" />
                <SequencePoint vc="0" uspid="150" ordinal="0" offset="64" sl="61" sc="0" el="61" ec="0" bec="0" bev="0" fileid="3" />
                <SequencePoint vc="0" uspid="151" ordinal="0" offset="68" sl="62" sc="0" el="62" ec="0" bec="0" bev="0" fileid="3" />
              </SequencePoints>
              <BranchPoints />
            </Method>
            <Method visited="false" cyclomaticComplexity="0" nPathComplexity="0" sequenceCoverage="0.0" branchCoverage="0" crapScore="0" isConstructor="false" isStatic="true" isGetter="false" isSetter="false">
              <Summary numSequencePoints="12" visitedSequencePoints="0" numBranchPoints="0" visitedBranchPoints="0" sequenceCoverage="0.0" branchCoverage="0" maxCyclomaticComplexity="0" minCyclomaticComplexity="0" maxCrapScore="0" minCrapScore="0" visitedClasses="0" numClasses="0" visitedMethods="0" numMethods="1" />
              <MetadataToken>100663329</MetadataToken>
              <Name>static DG.Tweening.Sequence DG.Tweening.DOTweenModulePhysics2D::DOJump(UnityEngine.Rigidbody2D, UnityEngine.Vector2, System.Single, System.Int32, System.Single, System.Boolean)</Name>
              <FileRef uid="3" />
              <SequencePoints>
                <SequencePoint vc="0" uspid="152" ordinal="0" offset="20" sl="76" sc="0" el="76" ec="0" bec="0" bev="0" fileid="3" />
                <SequencePoint vc="0" uspid="153" ordinal="0" offset="21" sl="77" sc="0" el="77" ec="0" bec="0" bev="0" fileid="3" />
                <SequencePoint vc="0" uspid="154" ordinal="0" offset="29" sl="77" sc="0" el="77" ec="0" bec="0" bev="0" fileid="3" />
                <SequencePoint vc="0" uspid="155" ordinal="0" offset="32" sl="78" sc="0" el="78" ec="0" bec="0" bev="0" fileid="3" />
                <SequencePoint vc="0" uspid="156" ordinal="0" offset="43" sl="79" sc="0" el="79" ec="0" bec="0" bev="0" fileid="3" />
                <SequencePoint vc="0" uspid="157" ordinal="0" offset="54" sl="80" sc="0" el="80" ec="0" bec="0" bev="0" fileid="3" />
                <SequencePoint vc="0" uspid="158" ordinal="0" offset="61" sl="81" sc="0" el="81" ec="0" bec="0" bev="0" fileid="3" />
                <SequencePoint vc="0" uspid="159" ordinal="0" offset="72" sl="82" sc="0" el="82" ec="0" bec="0" bev="0" fileid="3" />
                <SequencePoint vc="0" uspid="160" ordinal="0" offset="170" sl="86" sc="0" el="86" ec="0" bec="0" bev="0" fileid="3" />
                <SequencePoint vc="0" uspid="161" ordinal="0" offset="280" sl="90" sc="0" el="90" ec="0" bec="0" bev="0" fileid="3" />
                <SequencePoint vc="0" uspid="162" ordinal="0" offset="304" sl="99" sc="0" el="99" ec="0" bec="0" bev="0" fileid="3" />
                <SequencePoint vc="0" uspid="163" ordinal="0" offset="313" sl="100" sc="0" el="100" ec="0" bec="0" bev="0" fileid="3" />
              </SequencePoints>
              <BranchPoints />
            </Method>
            <Method visited="false" cyclomaticComplexity="0" nPathComplexity="0" sequenceCoverage="0.0" branchCoverage="0" crapScore="0" isConstructor="false" isStatic="true" isGetter="false" isSetter="false">
              <Summary numSequencePoints="14" visitedSequencePoints="0" numBranchPoints="0" visitedBranchPoints="0" sequenceCoverage="0.0" branchCoverage="0" maxCyclomaticComplexity="0" minCyclomaticComplexity="0" maxCrapScore="0" minCrapScore="0" visitedClasses="0" numClasses="0" visitedMethods="0" numMethods="1" />
              <MetadataToken>100663330</MetadataToken>
              <Name>static DG.Tweening.Core.TweenerCore[Vector3,Path,PathOptions] DG.Tweening.DOTweenModulePhysics2D::DOPath(UnityEngine.Rigidbody2D, UnityEngine.Vector2[], System.Single, DG.Tweening.PathType, DG.Tweening.PathMode, System.Int32, System.Nullable[Color])</Name>
              <FileRef uid="3" />
              <SequencePoints>
                <SequencePoint vc="0" uspid="164" ordinal="0" offset="13" sl="118" sc="0" el="118" ec="0" bec="0" bev="0" fileid="3" />
                <SequencePoint vc="0" uspid="165" ordinal="0" offset="14" sl="119" sc="0" el="119" ec="0" bec="0" bev="0" fileid="3" />
                <SequencePoint vc="0" uspid="166" ordinal="0" offset="25" sl="119" sc="0" el="119" ec="0" bec="0" bev="0" fileid="3" />
                <SequencePoint vc="0" uspid="167" ordinal="0" offset="28" sl="120" sc="0" el="120" ec="0" bec="0" bev="0" fileid="3" />
                <SequencePoint vc="0" uspid="168" ordinal="0" offset="32" sl="121" sc="0" el="121" ec="0" bec="0" bev="0" fileid="3" />
                <SequencePoint vc="0" uspid="169" ordinal="0" offset="39" sl="122" sc="0" el="122" ec="0" bec="0" bev="0" fileid="3" />
                <SequencePoint vc="0" uspid="170" ordinal="0" offset="44" sl="122" sc="0" el="122" ec="0" bec="0" bev="0" fileid="3" />
                <SequencePoint vc="0" uspid="171" ordinal="0" offset="65" sl="122" sc="0" el="122" ec="0" bec="0" bev="0" fileid="3" />
                <SequencePoint vc="0" uspid="172" ordinal="0" offset="71" sl="122" sc="0" el="122" ec="0" bec="0" bev="0" fileid="3" />
                <SequencePoint vc="0" uspid="173" ordinal="0" offset="82" sl="123" sc="0" el="123" ec="0" bec="0" bev="0" fileid="3" />
                <SequencePoint vc="0" uspid="174" ordinal="0" offset="146" sl="126" sc="0" el="126" ec="0" bec="0" bev="0" fileid="3" />
                <SequencePoint vc="0" uspid="175" ordinal="0" offset="158" sl="127" sc="0" el="127" ec="0" bec="0" bev="0" fileid="3" />
                <SequencePoint vc="0" uspid="176" ordinal="0" offset="171" sl="128" sc="0" el="128" ec="0" bec="0" bev="0" fileid="3" />
                <SequencePoint vc="0" uspid="177" ordinal="0" offset="176" sl="129" sc="0" el="129" ec="0" bec="0" bev="0" fileid="3" />
              </SequencePoints>
              <BranchPoints />
            </Method>
            <Method visited="false" cyclomaticComplexity="0" nPathComplexity="0" sequenceCoverage="0.0" branchCoverage="0" crapScore="0" isConstructor="false" isStatic="true" isGetter="false" isSetter="false">
              <Summary numSequencePoints="16" visitedSequencePoints="0" numBranchPoints="0" visitedBranchPoints="0" sequenceCoverage="0.0" branchCoverage="0" maxCyclomaticComplexity="0" minCyclomaticComplexity="0" maxCrapScore="0" minCrapScore="0" visitedClasses="0" numClasses="0" visitedMethods="0" numMethods="1" />
              <MetadataToken>100663331</MetadataToken>
              <Name>static DG.Tweening.Core.TweenerCore[Vector3,Path,PathOptions] DG.Tweening.DOTweenModulePhysics2D::DOLocalPath(UnityEngine.Rigidbody2D, UnityEngine.Vector2[], System.Single, DG.Tweening.PathType, DG.Tweening.PathMode, System.Int32, System.Nullable[Color])</Name>
              <FileRef uid="3" />
              <SequencePoints>
                <SequencePoint vc="0" uspid="178" ordinal="0" offset="13" sl="146" sc="0" el="146" ec="0" bec="0" bev="0" fileid="3" />
                <SequencePoint vc="0" uspid="179" ordinal="0" offset="14" sl="147" sc="0" el="147" ec="0" bec="0" bev="0" fileid="3" />
                <SequencePoint vc="0" uspid="180" ordinal="0" offset="25" sl="147" sc="0" el="147" ec="0" bec="0" bev="0" fileid="3" />
                <SequencePoint vc="0" uspid="181" ordinal="0" offset="28" sl="148" sc="0" el="148" ec="0" bec="0" bev="0" fileid="3" />
                <SequencePoint vc="0" uspid="182" ordinal="0" offset="32" sl="149" sc="0" el="149" ec="0" bec="0" bev="0" fileid="3" />
                <SequencePoint vc="0" uspid="183" ordinal="0" offset="39" sl="150" sc="0" el="150" ec="0" bec="0" bev="0" fileid="3" />
                <SequencePoint vc="0" uspid="184" ordinal="0" offset="44" sl="150" sc="0" el="150" ec="0" bec="0" bev="0" fileid="3" />
                <SequencePoint vc="0" uspid="185" ordinal="0" offset="65" sl="150" sc="0" el="150" ec="0" bec="0" bev="0" fileid="3" />
                <SequencePoint vc="0" uspid="186" ordinal="0" offset="71" sl="150" sc="0" el="150" ec="0" bec="0" bev="0" fileid="3" />
                <SequencePoint vc="0" uspid="187" ordinal="0" offset="82" sl="151" sc="0" el="151" ec="0" bec="0" bev="0" fileid="3" />
                <SequencePoint vc="0" uspid="188" ordinal="0" offset="99" sl="152" sc="0" el="152" ec="0" bec="0" bev="0" fileid="3" />
                <SequencePoint vc="0" uspid="189" ordinal="0" offset="163" sl="155" sc="0" el="155" ec="0" bec="0" bev="0" fileid="3" />
                <SequencePoint vc="0" uspid="190" ordinal="0" offset="175" sl="156" sc="0" el="156" ec="0" bec="0" bev="0" fileid="3" />
                <SequencePoint vc="0" uspid="191" ordinal="0" offset="188" sl="157" sc="0" el="157" ec="0" bec="0" bev="0" fileid="3" />
                <SequencePoint vc="0" uspid="192" ordinal="0" offset="200" sl="158" sc="0" el="158" ec="0" bec="0" bev="0" fileid="3" />
                <SequencePoint vc="0" uspid="193" ordinal="0" offset="205" sl="159" sc="0" el="159" ec="0" bec="0" bev="0" fileid="3" />
              </SequencePoints>
              <BranchPoints />
            </Method>
            <Method visited="false" cyclomaticComplexity="0" nPathComplexity="0" sequenceCoverage="0.0" branchCoverage="0" crapScore="0" isConstructor="false" isStatic="true" isGetter="false" isSetter="false">
              <Summary numSequencePoints="6" visitedSequencePoints="0" numBranchPoints="0" visitedBranchPoints="0" sequenceCoverage="0.0" branchCoverage="0" maxCyclomaticComplexity="0" minCyclomaticComplexity="0" maxCrapScore="0" minCrapScore="0" visitedClasses="0" numClasses="0" visitedMethods="0" numMethods="1" />
              <MetadataToken>100663332</MetadataToken>
              <Name>static DG.Tweening.Core.TweenerCore[Vector3,Path,PathOptions] DG.Tweening.DOTweenModulePhysics2D::DOPath(UnityEngine.Rigidbody2D, DG.Tweening.Plugins.Core.PathCore.Path, System.Single, DG.Tweening.PathMode)</Name>
              <FileRef uid="3" />
              <SequencePoints>
                <SequencePoint vc="0" uspid="194" ordinal="0" offset="13" sl="164" sc="0" el="164" ec="0" bec="0" bev="0" fileid="3" />
                <SequencePoint vc="0" uspid="195" ordinal="0" offset="14" sl="165" sc="0" el="165" ec="0" bec="0" bev="0" fileid="3" />
                <SequencePoint vc="0" uspid="196" ordinal="0" offset="62" sl="168" sc="0" el="168" ec="0" bec="0" bev="0" fileid="3" />
                <SequencePoint vc="0" uspid="197" ordinal="0" offset="74" sl="169" sc="0" el="169" ec="0" bec="0" bev="0" fileid="3" />
                <SequencePoint vc="0" uspid="198" ordinal="0" offset="86" sl="170" sc="0" el="170" ec="0" bec="0" bev="0" fileid="3" />
                <SequencePoint vc="0" uspid="199" ordinal="0" offset="90" sl="171" sc="0" el="171" ec="0" bec="0" bev="0" fileid="3" />
              </SequencePoints>
              <BranchPoints />
            </Method>
            <Method visited="false" cyclomaticComplexity="0" nPathComplexity="0" sequenceCoverage="0.0" branchCoverage="0" crapScore="0" isConstructor="false" isStatic="true" isGetter="false" isSetter="false">
              <Summary numSequencePoints="8" visitedSequencePoints="0" numBranchPoints="0" visitedBranchPoints="0" sequenceCoverage="0.0" branchCoverage="0" maxCyclomaticComplexity="0" minCyclomaticComplexity="0" maxCrapScore="0" minCrapScore="0" visitedClasses="0" numClasses="0" visitedMethods="0" numMethods="1" />
              <MetadataToken>100663333</MetadataToken>
              <Name>static DG.Tweening.Core.TweenerCore[Vector3,Path,PathOptions] DG.Tweening.DOTweenModulePhysics2D::DOLocalPath(UnityEngine.Rigidbody2D, DG.Tweening.Plugins.Core.PathCore.Path, System.Single, DG.Tweening.PathMode)</Name>
              <FileRef uid="3" />
              <SequencePoints>
                <SequencePoint vc="0" uspid="200" ordinal="0" offset="13" sl="175" sc="0" el="175" ec="0" bec="0" bev="0" fileid="3" />
                <SequencePoint vc="0" uspid="201" ordinal="0" offset="14" sl="176" sc="0" el="176" ec="0" bec="0" bev="0" fileid="3" />
                <SequencePoint vc="0" uspid="202" ordinal="0" offset="31" sl="177" sc="0" el="177" ec="0" bec="0" bev="0" fileid="3" />
                <SequencePoint vc="0" uspid="203" ordinal="0" offset="79" sl="180" sc="0" el="180" ec="0" bec="0" bev="0" fileid="3" />
                <SequencePoint vc="0" uspid="204" ordinal="0" offset="91" sl="181" sc="0" el="181" ec="0" bec="0" bev="0" fileid="3" />
                <SequencePoint vc="0" uspid="205" ordinal="0" offset="103" sl="182" sc="0" el="182" ec="0" bec="0" bev="0" fileid="3" />
                <SequencePoint vc="0" uspid="206" ordinal="0" offset="115" sl="183" sc="0" el="183" ec="0" bec="0" bev="0" fileid="3" />
                <SequencePoint vc="0" uspid="207" ordinal="0" offset="119" sl="184" sc="0" el="184" ec="0" bec="0" bev="0" fileid="3" />
              </SequencePoints>
              <BranchPoints />
            </Method>
          </Methods>
        </Class>
        <Class>
          <Summary numSequencePoints="34" visitedSequencePoints="0" numBranchPoints="0" visitedBranchPoints="0" sequenceCoverage="0.0" branchCoverage="0.0" maxCyclomaticComplexity="0" minCyclomaticComplexity="0" maxCrapScore="0" minCrapScore="0" visitedClasses="0" numClasses="1" visitedMethods="0" numMethods="4" />
          <FullName>DG.Tweening.DOTweenModuleSprite</FullName>
          <Methods>
            <Method visited="false" cyclomaticComplexity="0" nPathComplexity="0" sequenceCoverage="0.0" branchCoverage="0" crapScore="0" isConstructor="false" isStatic="true" isGetter="false" isSetter="false">
              <Summary numSequencePoints="5" visitedSequencePoints="0" numBranchPoints="0" visitedBranchPoints="0" sequenceCoverage="0.0" branchCoverage="0" maxCyclomaticComplexity="0" minCyclomaticComplexity="0" maxCrapScore="0" minCrapScore="0" visitedClasses="0" numClasses="0" visitedMethods="0" numMethods="1" />
              <MetadataToken>100663334</MetadataToken>
              <Name>static DG.Tweening.Core.TweenerCore[Color,Color,ColorOptions] DG.Tweening.DOTweenModuleSprite::DOColor(UnityEngine.SpriteRenderer, UnityEngine.Color, System.Single)</Name>
              <FileRef uid="4" />
              <SequencePoints>
                <SequencePoint vc="0" uspid="208" ordinal="0" offset="13" sl="23" sc="0" el="23" ec="0" bec="0" bev="0" fileid="4" />
                <SequencePoint vc="0" uspid="209" ordinal="0" offset="14" sl="24" sc="0" el="24" ec="0" bec="0" bev="0" fileid="4" />
                <SequencePoint vc="0" uspid="210" ordinal="0" offset="46" sl="25" sc="0" el="25" ec="0" bec="0" bev="0" fileid="4" />
                <SequencePoint vc="0" uspid="211" ordinal="0" offset="59" sl="26" sc="0" el="26" ec="0" bec="0" bev="0" fileid="4" />
                <SequencePoint vc="0" uspid="212" ordinal="0" offset="63" sl="27" sc="0" el="27" ec="0" bec="0" bev="0" fileid="4" />
              </SequencePoints>
              <BranchPoints />
            </Method>
            <Method visited="false" cyclomaticComplexity="0" nPathComplexity="0" sequenceCoverage="0.0" branchCoverage="0" crapScore="0" isConstructor="false" isStatic="true" isGetter="false" isSetter="false">
              <Summary numSequencePoints="5" visitedSequencePoints="0" numBranchPoints="0" visitedBranchPoints="0" sequenceCoverage="0.0" branchCoverage="0" maxCyclomaticComplexity="0" minCyclomaticComplexity="0" maxCrapScore="0" minCrapScore="0" visitedClasses="0" numClasses="0" visitedMethods="0" numMethods="1" />
              <MetadataToken>100663335</MetadataToken>
              <Name>static DG.Tweening.Core.TweenerCore[Color,Color,ColorOptions] DG.Tweening.DOTweenModuleSprite::DOFade(UnityEngine.SpriteRenderer, System.Single, System.Single)</Name>
              <FileRef uid="4" />
              <SequencePoints>
                <SequencePoint vc="0" uspid="213" ordinal="0" offset="13" sl="33" sc="0" el="33" ec="0" bec="0" bev="0" fileid="4" />
                <SequencePoint vc="0" uspid="214" ordinal="0" offset="14" sl="34" sc="0" el="34" ec="0" bec="0" bev="0" fileid="4" />
                <SequencePoint vc="0" uspid="215" ordinal="0" offset="46" sl="35" sc="0" el="35" ec="0" bec="0" bev="0" fileid="4" />
                <SequencePoint vc="0" uspid="216" ordinal="0" offset="59" sl="36" sc="0" el="36" ec="0" bec="0" bev="0" fileid="4" />
                <SequencePoint vc="0" uspid="217" ordinal="0" offset="63" sl="37" sc="0" el="37" ec="0" bec="0" bev="0" fileid="4" />
              </SequencePoints>
              <BranchPoints />
            </Method>
            <Method visited="false" cyclomaticComplexity="0" nPathComplexity="0" sequenceCoverage="0.0" branchCoverage="0" crapScore="0" isConstructor="false" isStatic="true" isGetter="false" isSetter="false">
              <Summary numSequencePoints="19" visitedSequencePoints="0" numBranchPoints="0" visitedBranchPoints="0" sequenceCoverage="0.0" branchCoverage="0" maxCyclomaticComplexity="0" minCyclomaticComplexity="0" maxCrapScore="0" minCrapScore="0" visitedClasses="0" numClasses="0" visitedMethods="0" numMethods="1" />
              <MetadataToken>100663336</MetadataToken>
              <Name>static DG.Tweening.Sequence DG.Tweening.DOTweenModuleSprite::DOGradientColor(UnityEngine.SpriteRenderer, UnityEngine.Gradient, System.Single)</Name>
              <FileRef uid="4" />
              <SequencePoints>
                <SequencePoint vc="0" uspid="218" ordinal="0" offset="0" sl="44" sc="0" el="44" ec="0" bec="0" bev="0" fileid="4" />
                <SequencePoint vc="0" uspid="219" ordinal="0" offset="1" sl="45" sc="0" el="45" ec="0" bec="0" bev="0" fileid="4" />
                <SequencePoint vc="0" uspid="220" ordinal="0" offset="7" sl="46" sc="0" el="46" ec="0" bec="0" bev="0" fileid="4" />
                <SequencePoint vc="0" uspid="221" ordinal="0" offset="14" sl="47" sc="0" el="47" ec="0" bec="0" bev="0" fileid="4" />
                <SequencePoint vc="0" uspid="222" ordinal="0" offset="18" sl="48" sc="0" el="48" ec="0" bec="0" bev="0" fileid="4" />
                <SequencePoint vc="0" uspid="223" ordinal="0" offset="25" sl="48" sc="0" el="48" ec="0" bec="0" bev="0" fileid="4" />
                <SequencePoint vc="0" uspid="224" ordinal="0" offset="26" sl="49" sc="0" el="49" ec="0" bec="0" bev="0" fileid="4" />
                <SequencePoint vc="0" uspid="225" ordinal="0" offset="35" sl="50" sc="0" el="50" ec="0" bec="0" bev="0" fileid="4" />
                <SequencePoint vc="0" uspid="226" ordinal="0" offset="64" sl="50" sc="0" el="50" ec="0" bec="0" bev="0" fileid="4" />
                <SequencePoint vc="0" uspid="227" ordinal="0" offset="65" sl="51" sc="0" el="51" ec="0" bec="0" bev="0" fileid="4" />
                <SequencePoint vc="0" uspid="228" ordinal="0" offset="79" sl="52" sc="0" el="52" ec="0" bec="0" bev="0" fileid="4" />
                <SequencePoint vc="0" uspid="229" ordinal="0" offset="81" sl="54" sc="0" el="54" ec="0" bec="0" bev="0" fileid="4" />
                <SequencePoint vc="0" uspid="230" ordinal="0" offset="136" sl="57" sc="0" el="57" ec="0" bec="0" bev="0" fileid="4" />
                <SequencePoint vc="0" uspid="231" ordinal="0" offset="164" sl="58" sc="0" el="58" ec="0" bec="0" bev="0" fileid="4" />
                <SequencePoint vc="0" uspid="232" ordinal="0" offset="165" sl="48" sc="0" el="48" ec="0" bec="0" bev="0" fileid="4" />
                <SequencePoint vc="0" uspid="233" ordinal="0" offset="169" sl="48" sc="0" el="48" ec="0" bec="0" bev="0" fileid="4" />
                <SequencePoint vc="0" uspid="234" ordinal="0" offset="182" sl="59" sc="0" el="59" ec="0" bec="0" bev="0" fileid="4" />
                <SequencePoint vc="0" uspid="235" ordinal="0" offset="190" sl="60" sc="0" el="60" ec="0" bec="0" bev="0" fileid="4" />
                <SequencePoint vc="0" uspid="236" ordinal="0" offset="195" sl="61" sc="0" el="61" ec="0" bec="0" bev="0" fileid="4" />
              </SequencePoints>
              <BranchPoints />
            </Method>
            <Method visited="false" cyclomaticComplexity="0" nPathComplexity="0" sequenceCoverage="0.0" branchCoverage="0" crapScore="0" isConstructor="false" isStatic="true" isGetter="false" isSetter="false">
              <Summary numSequencePoints="5" visitedSequencePoints="0" numBranchPoints="0" visitedBranchPoints="0" sequenceCoverage="0.0" branchCoverage="0" maxCyclomaticComplexity="0" minCyclomaticComplexity="0" maxCrapScore="0" minCrapScore="0" visitedClasses="0" numClasses="0" visitedMethods="0" numMethods="1" />
              <MetadataToken>100663337</MetadataToken>
              <Name>static DG.Tweening.Tweener DG.Tweening.DOTweenModuleSprite::DOBlendableColor(UnityEngine.SpriteRenderer, UnityEngine.Color, System.Single)</Name>
              <FileRef uid="4" />
              <SequencePoints>
                <SequencePoint vc="0" uspid="237" ordinal="0" offset="13" sl="75" sc="0" el="75" ec="0" bec="0" bev="0" fileid="4" />
                <SequencePoint vc="0" uspid="238" ordinal="0" offset="14" sl="76" sc="0" el="76" ec="0" bec="0" bev="0" fileid="4" />
                <SequencePoint vc="0" uspid="239" ordinal="0" offset="33" sl="77" sc="0" el="77" ec="0" bec="0" bev="0" fileid="4" />
                <SequencePoint vc="0" uspid="240" ordinal="0" offset="64" sl="78" sc="0" el="78" ec="0" bec="0" bev="0" fileid="4" />
                <SequencePoint vc="0" uspid="241" ordinal="0" offset="114" sl="84" sc="0" el="84" ec="0" bec="0" bev="0" fileid="4" />
              </SequencePoints>
              <BranchPoints />
            </Method>
          </Methods>
        </Class>
        <Class>
          <Summary numSequencePoints="231" visitedSequencePoints="0" numBranchPoints="0" visitedBranchPoints="0" sequenceCoverage="0.0" branchCoverage="0.0" maxCyclomaticComplexity="0" minCyclomaticComplexity="0" maxCrapScore="0" minCrapScore="0" visitedClasses="0" numClasses="1" visitedMethods="0" numMethods="42" />
          <FullName>DG.Tweening.DOTweenModuleUI</FullName>
          <Methods>
            <Method visited="false" cyclomaticComplexity="0" nPathComplexity="0" sequenceCoverage="0.0" branchCoverage="0" crapScore="0" isConstructor="false" isStatic="true" isGetter="false" isSetter="false">
              <Summary numSequencePoints="5" visitedSequencePoints="0" numBranchPoints="0" visitedBranchPoints="0" sequenceCoverage="0.0" branchCoverage="0" maxCyclomaticComplexity="0" minCyclomaticComplexity="0" maxCrapScore="0" minCrapScore="0" visitedClasses="0" numClasses="0" visitedMethods="0" numMethods="1" />
              <MetadataToken>100663338</MetadataToken>
              <Name>static DG.Tweening.Core.TweenerCore[Single,Single,FloatOptions] DG.Tweening.DOTweenModuleUI::DOFade(UnityEngine.CanvasGroup, System.Single, System.Single)</Name>
              <FileRef uid="5" />
              <SequencePoints>
                <SequencePoint vc="0" uspid="242" ordinal="0" offset="13" sl="30" sc="0" el="30" ec="0" bec="0" bev="0" fileid="5" />
                <SequencePoint vc="0" uspid="243" ordinal="0" offset="14" sl="31" sc="0" el="31" ec="0" bec="0" bev="0" fileid="5" />
                <SequencePoint vc="0" uspid="244" ordinal="0" offset="46" sl="32" sc="0" el="32" ec="0" bec="0" bev="0" fileid="5" />
                <SequencePoint vc="0" uspid="245" ordinal="0" offset="59" sl="33" sc="0" el="33" ec="0" bec="0" bev="0" fileid="5" />
                <SequencePoint vc="0" uspid="246" ordinal="0" offset="63" sl="34" sc="0" el="34" ec="0" bec="0" bev="0" fileid="5" />
              </SequencePoints>
              <BranchPoints />
            </Method>
            <Method visited="false" cyclomaticComplexity="0" nPathComplexity="0" sequenceCoverage="0.0" branchCoverage="0" crapScore="0" isConstructor="false" isStatic="true" isGetter="false" isSetter="false">
              <Summary numSequencePoints="5" visitedSequencePoints="0" numBranchPoints="0" visitedBranchPoints="0" sequenceCoverage="0.0" branchCoverage="0" maxCyclomaticComplexity="0" minCyclomaticComplexity="0" maxCrapScore="0" minCrapScore="0" visitedClasses="0" numClasses="0" visitedMethods="0" numMethods="1" />
              <MetadataToken>100663339</MetadataToken>
              <Name>static DG.Tweening.Core.TweenerCore[Color,Color,ColorOptions] DG.Tweening.DOTweenModuleUI::DOColor(UnityEngine.UI.Graphic, UnityEngine.Color, System.Single)</Name>
              <FileRef uid="5" />
              <SequencePoints>
                <SequencePoint vc="0" uspid="247" ordinal="0" offset="13" sl="44" sc="0" el="44" ec="0" bec="0" bev="0" fileid="5" />
                <SequencePoint vc="0" uspid="248" ordinal="0" offset="14" sl="45" sc="0" el="45" ec="0" bec="0" bev="0" fileid="5" />
                <SequencePoint vc="0" uspid="249" ordinal="0" offset="46" sl="46" sc="0" el="46" ec="0" bec="0" bev="0" fileid="5" />
                <SequencePoint vc="0" uspid="250" ordinal="0" offset="59" sl="47" sc="0" el="47" ec="0" bec="0" bev="0" fileid="5" />
                <SequencePoint vc="0" uspid="251" ordinal="0" offset="63" sl="48" sc="0" el="48" ec="0" bec="0" bev="0" fileid="5" />
              </SequencePoints>
              <BranchPoints />
            </Method>
            <Method visited="false" cyclomaticComplexity="0" nPathComplexity="0" sequenceCoverage="0.0" branchCoverage="0" crapScore="0" isConstructor="false" isStatic="true" isGetter="false" isSetter="false">
              <Summary numSequencePoints="5" visitedSequencePoints="0" numBranchPoints="0" visitedBranchPoints="0" sequenceCoverage="0.0" branchCoverage="0" maxCyclomaticComplexity="0" minCyclomaticComplexity="0" maxCrapScore="0" minCrapScore="0" visitedClasses="0" numClasses="0" visitedMethods="0" numMethods="1" />
              <MetadataToken>100663340</MetadataToken>
              <Name>static DG.Tweening.Core.TweenerCore[Color,Color,ColorOptions] DG.Tweening.DOTweenModuleUI::DOFade(UnityEngine.UI.Graphic, System.Single, System.Single)</Name>
              <FileRef uid="5" />
              <SequencePoints>
                <SequencePoint vc="0" uspid="252" ordinal="0" offset="13" sl="54" sc="0" el="54" ec="0" bec="0" bev="0" fileid="5" />
                <SequencePoint vc="0" uspid="253" ordinal="0" offset="14" sl="55" sc="0" el="55" ec="0" bec="0" bev="0" fileid="5" />
                <SequencePoint vc="0" uspid="254" ordinal="0" offset="46" sl="56" sc="0" el="56" ec="0" bec="0" bev="0" fileid="5" />
                <SequencePoint vc="0" uspid="255" ordinal="0" offset="59" sl="57" sc="0" el="57" ec="0" bec="0" bev="0" fileid="5" />
                <SequencePoint vc="0" uspid="256" ordinal="0" offset="63" sl="58" sc="0" el="58" ec="0" bec="0" bev="0" fileid="5" />
              </SequencePoints>
              <BranchPoints />
            </Method>
            <Method visited="false" cyclomaticComplexity="0" nPathComplexity="0" sequenceCoverage="0.0" branchCoverage="0" crapScore="0" isConstructor="false" isStatic="true" isGetter="false" isSetter="false">
              <Summary numSequencePoints="5" visitedSequencePoints="0" numBranchPoints="0" visitedBranchPoints="0" sequenceCoverage="0.0" branchCoverage="0" maxCyclomaticComplexity="0" minCyclomaticComplexity="0" maxCrapScore="0" minCrapScore="0" visitedClasses="0" numClasses="0" visitedMethods="0" numMethods="1" />
              <MetadataToken>100663341</MetadataToken>
              <Name>static DG.Tweening.Core.TweenerCore[Color,Color,ColorOptions] DG.Tweening.DOTweenModuleUI::DOColor(UnityEngine.UI.Image, UnityEngine.Color, System.Single)</Name>
              <FileRef uid="5" />
              <SequencePoints>
                <SequencePoint vc="0" uspid="257" ordinal="0" offset="13" sl="68" sc="0" el="68" ec="0" bec="0" bev="0" fileid="5" />
                <SequencePoint vc="0" uspid="258" ordinal="0" offset="14" sl="69" sc="0" el="69" ec="0" bec="0" bev="0" fileid="5" />
                <SequencePoint vc="0" uspid="259" ordinal="0" offset="46" sl="70" sc="0" el="70" ec="0" bec="0" bev="0" fileid="5" />
                <SequencePoint vc="0" uspid="260" ordinal="0" offset="59" sl="71" sc="0" el="71" ec="0" bec="0" bev="0" fileid="5" />
                <SequencePoint vc="0" uspid="261" ordinal="0" offset="63" sl="72" sc="0" el="72" ec="0" bec="0" bev="0" fileid="5" />
              </SequencePoints>
              <BranchPoints />
            </Method>
            <Method visited="false" cyclomaticComplexity="0" nPathComplexity="0" sequenceCoverage="0.0" branchCoverage="0" crapScore="0" isConstructor="false" isStatic="true" isGetter="false" isSetter="false">
              <Summary numSequencePoints="5" visitedSequencePoints="0" numBranchPoints="0" visitedBranchPoints="0" sequenceCoverage="0.0" branchCoverage="0" maxCyclomaticComplexity="0" minCyclomaticComplexity="0" maxCrapScore="0" minCrapScore="0" visitedClasses="0" numClasses="0" visitedMethods="0" numMethods="1" />
              <MetadataToken>100663342</MetadataToken>
              <Name>static DG.Tweening.Core.TweenerCore[Color,Color,ColorOptions] DG.Tweening.DOTweenModuleUI::DOFade(UnityEngine.UI.Image, System.Single, System.Single)</Name>
              <FileRef uid="5" />
              <SequencePoints>
                <SequencePoint vc="0" uspid="262" ordinal="0" offset="13" sl="78" sc="0" el="78" ec="0" bec="0" bev="0" fileid="5" />
                <SequencePoint vc="0" uspid="263" ordinal="0" offset="14" sl="79" sc="0" el="79" ec="0" bec="0" bev="0" fileid="5" />
[...]
              <MetadataToken>100663388</MetadataToken>
              <Name>System.Void DungeonLoader/&lt;LoadMap&gt;d__2::MoveNext()</Name>
              <FileRef uid="15" />
              <SequencePoints>
                <SequencePoint vc="0" uspid="1294" ordinal="0" offset="14" sl="40" sc="0" el="40" ec="0" bec="0" bev="0" fileid="15" />
                <SequencePoint vc="0" uspid="1295" ordinal="0" offset="15" sl="41" sc="0" el="41" ec="0" bec="0" bev="0" fileid="15" />
                <SequencePoint vc="0" uspid="1296" ordinal="0" offset="124" sl="42" sc="0" el="42" ec="0" bec="0" bev="0" fileid="15" />
                <SequencePoint vc="0" uspid="1297" ordinal="0" offset="163" sl="43" sc="0" el="43" ec="0" bec="0" bev="0" fileid="15" />
              </SequencePoints>
              <BranchPoints />
            </Method>
          </Methods>
        </Class>
        <Class>
          <Summary numSequencePoints="4" visitedSequencePoints="0" numBranchPoints="0" visitedBranchPoints="0" sequenceCoverage="0.0" branchCoverage="0.0" maxCyclomaticComplexity="0" minCyclomaticComplexity="0" maxCrapScore="0" minCrapScore="0" visitedClasses="0" numClasses="1" visitedMethods="0" numMethods="1" />
          <FullName>DungeonLoader/&lt;LoadMonsters&gt;d__3</FullName>
          <Methods>
            <Method visited="false" cyclomaticComplexity="0" nPathComplexity="0" sequenceCoverage="0.0" branchCoverage="0" crapScore="0" isConstructor="false" isStatic="false" isGetter="false" isSetter="false">
              <Summary numSequencePoints="4" visitedSequencePoints="0" numBranchPoints="0" visitedBranchPoints="0" sequenceCoverage="0.0" branchCoverage="0" maxCyclomaticComplexity="0" minCyclomaticComplexity="0" maxCrapScore="0" minCrapScore="0" visitedClasses="0" numClasses="0" visitedMethods="0" numMethods="1" />
              <MetadataToken>100663391</MetadataToken>
              <Name>System.Void DungeonLoader/&lt;LoadMonsters&gt;d__3::MoveNext()</Name>
              <FileRef uid="15" />
              <SequencePoints>
                <SequencePoint vc="0" uspid="1298" ordinal="0" offset="14" sl="46" sc="0" el="46" ec="0" bec="0" bev="0" fileid="15" />
                <SequencePoint vc="0" uspid="1299" ordinal="0" offset="15" sl="47" sc="0" el="47" ec="0" bec="0" bev="0" fileid="15" />
                <SequencePoint vc="0" uspid="1300" ordinal="0" offset="124" sl="48" sc="0" el="48" ec="0" bec="0" bev="0" fileid="15" />
                <SequencePoint vc="0" uspid="1301" ordinal="0" offset="163" sl="49" sc="0" el="49" ec="0" bec="0" bev="0" fileid="15" />
              </SequencePoints>
              <BranchPoints />
            </Method>
          </Methods>
        </Class>
        <Class>
          <Summary numSequencePoints="4" visitedSequencePoints="0" numBranchPoints="0" visitedBranchPoints="0" sequenceCoverage="0.0" branchCoverage="0.0" maxCyclomaticComplexity="0" minCyclomaticComplexity="0" maxCrapScore="0" minCrapScore="0" visitedClasses="0" numClasses="1" visitedMethods="0" numMethods="1" />
          <FullName>UnitaskExample/&lt;DisableAfterTimeAsync&gt;d__2</FullName>
          <Methods>
            <Method visited="false" cyclomaticComplexity="0" nPathComplexity="0" sequenceCoverage="0.0" branchCoverage="0" crapScore="0" isConstructor="false" isStatic="false" isGetter="false" isSetter="false">
              <Summary numSequencePoints="4" visitedSequencePoints="0" numBranchPoints="0" visitedBranchPoints="0" sequenceCoverage="0.0" branchCoverage="0" maxCyclomaticComplexity="0" minCyclomaticComplexity="0" maxCrapScore="0" minCrapScore="0" visitedClasses="0" numClasses="0" visitedMethods="0" numMethods="1" />
              <MetadataToken>100663394</MetadataToken>
              <Name>System.Void UnitaskExample/&lt;DisableAfterTimeAsync&gt;d__2::MoveNext()</Name>
              <FileRef uid="16" />
              <SequencePoints>
                <SequencePoint vc="0" uspid="1302" ordinal="0" offset="14" sl="18" sc="0" el="18" ec="0" bec="0" bev="0" fileid="16" />
                <SequencePoint vc="0" uspid="1303" ordinal="0" offset="15" sl="19" sc="0" el="19" ec="0" bec="0" bev="0" fileid="16" />
                <SequencePoint vc="0" uspid="1304" ordinal="0" offset="128" sl="20" sc="0" el="20" ec="0" bec="0" bev="0" fileid="16" />
                <SequencePoint vc="0" uspid="1305" ordinal="0" offset="174" sl="21" sc="0" el="21" ec="0" bec="0" bev="0" fileid="16" />
              </SequencePoints>
              <BranchPoints />
            </Method>
          </Methods>
        </Class>
        <Class>
          <Summary numSequencePoints="4" visitedSequencePoints="0" numBranchPoints="0" visitedBranchPoints="0" sequenceCoverage="0.0" branchCoverage="0.0" maxCyclomaticComplexity="0" minCyclomaticComplexity="0" maxCrapScore="0" minCrapScore="0" visitedClasses="0" numClasses="1" visitedMethods="0" numMethods="1" />
          <FullName>UnitaskExample/&lt;WaitAndPrintAsync&gt;d__1</FullName>
          <Methods>
            <Method visited="false" cyclomaticComplexity="0" nPathComplexity="0" sequenceCoverage="0.0" branchCoverage="0" crapScore="0" isConstructor="false" isStatic="false" isGetter="false" isSetter="false">
              <Summary numSequencePoints="4" visitedSequencePoints="0" numBranchPoints="0" visitedBranchPoints="0" sequenceCoverage="0.0" branchCoverage="0" maxCyclomaticComplexity="0" minCyclomaticComplexity="0" maxCrapScore="0" minCrapScore="0" visitedClasses="0" numClasses="0" visitedMethods="0" numMethods="1" />
              <MetadataToken>100663397</MetadataToken>
              <Name>System.Void UnitaskExample/&lt;WaitAndPrintAsync&gt;d__1::MoveNext()</Name>
              <FileRef uid="16" />
              <SequencePoints>
                <SequencePoint vc="0" uspid="1306" ordinal="0" offset="14" sl="12" sc="0" el="12" ec="0" bec="0" bev="0" fileid="16" />
                <SequencePoint vc="0" uspid="1307" ordinal="0" offset="15" sl="13" sc="0" el="13" ec="0" bec="0" bev="0" fileid="16" />
                <SequencePoint vc="0" uspid="1308" ordinal="0" offset="128" sl="14" sc="0" el="14" ec="0" bec="0" bev="0" fileid="16" />
                <SequencePoint vc="0" uspid="1309" ordinal="0" offset="167" sl="15" sc="0" el="15" ec="0" bec="0" bev="0" fileid="16" />
              </SequencePoints>
              <BranchPoints />
            </Method>
          </Methods>
        </Class>
        <Class>
          <Summary numSequencePoints="5" visitedSequencePoints="0" numBranchPoints="0" visitedBranchPoints="0" sequenceCoverage="0.0" branchCoverage="0.0" maxCyclomaticComplexity="0" minCyclomaticComplexity="0" maxCrapScore="0" minCrapScore="0" visitedClasses="0" numClasses="1" visitedMethods="0" numMethods="1" />
          <FullName>DotProductDetector/DetectionResult</FullName>
          <Methods>
            <Method visited="false" cyclomaticComplexity="0" nPathComplexity="0" sequenceCoverage="0.0" branchCoverage="0" crapScore="0" isConstructor="true" isStatic="false" isGetter="false" isSetter="false">
              <Summary numSequencePoints="5" visitedSequencePoints="0" numBranchPoints="0" visitedBranchPoints="0" sequenceCoverage="0.0" branchCoverage="0" maxCyclomaticComplexity="0" minCyclomaticComplexity="0" maxCrapScore="0" minCrapScore="0" visitedClasses="0" numClasses="0" visitedMethods="0" numMethods="1" />
              <MetadataToken>100663399</MetadataToken>
              <Name>DotProductDetector/DetectionResult::DetectionResult(UnityEngine.Vector3, UnityEngine.Vector3)</Name>
              <FileRef uid="18" />
              <SequencePoints>
                <SequencePoint vc="0" uspid="1310" ordinal="0" offset="0" sl="33" sc="0" el="33" ec="0" bec="0" bev="0" fileid="18" />
                <SequencePoint vc="0" uspid="1311" ordinal="0" offset="1" sl="34" sc="0" el="34" ec="0" bec="0" bev="0" fileid="18" />
                <SequencePoint vc="0" uspid="1312" ordinal="0" offset="14" sl="35" sc="0" el="35" ec="0" bec="0" bev="0" fileid="18" />
                <SequencePoint vc="0" uspid="1313" ordinal="0" offset="33" sl="36" sc="0" el="36" ec="0" bec="0" bev="0" fileid="18" />
                <SequencePoint vc="0" uspid="1314" ordinal="0" offset="71" sl="37" sc="0" el="37" ec="0" bec="0" bev="0" fileid="18" />
              </SequencePoints>
              <BranchPoints />
            </Method>
          </Methods>
        </Class>
      </Classes>
    </Module>
    <Module>
      <Summary numSequencePoints="24" visitedSequencePoints="0" numBranchPoints="0" visitedBranchPoints="0" sequenceCoverage="0.0" branchCoverage="0.0" maxCyclomaticComplexity="0" minCyclomaticComplexity="0" maxCrapScore="0" minCrapScore="0" visitedClasses="0" numClasses="2" visitedMethods="0" numMethods="8" />
      <ModuleTime>0001-01-01T00:00:00</ModuleTime>
      <ModuleName>Tests</ModuleName>
      <Files>
        <File uid="20" fullPath="C:/Unity Project/effectivecsharp/Assets/02. Scripts/TestRunner Practice/Tests/CalculatorTests.cs" />
      </Files>
      <Classes>
        <Class>
          <Summary numSequencePoints="19" visitedSequencePoints="0" numBranchPoints="0" visitedBranchPoints="0" sequenceCoverage="0.0" branchCoverage="0.0" maxCyclomaticComplexity="0" minCyclomaticComplexity="0" maxCrapScore="0" minCrapScore="0" visitedClasses="0" numClasses="1" visitedMethods="0" numMethods="7" />
          <FullName>CalculatorTests</FullName>
          <Methods>
            <Method visited="false" cyclomaticComplexity="0" nPathComplexity="0" sequenceCoverage="0.0" branchCoverage="0" crapScore="0" isConstructor="false" isStatic="false" isGetter="false" isSetter="false">
              <Summary numSequencePoints="3" visitedSequencePoints="0" numBranchPoints="0" visitedBranchPoints="0" sequenceCoverage="0.0" branchCoverage="0" maxCyclomaticComplexity="0" minCyclomaticComplexity="0" maxCrapScore="0" minCrapScore="0" visitedClasses="0" numClasses="0" visitedMethods="0" numMethods="1" />
              <MetadataToken>100663297</MetadataToken>
              <Name>System.Void CalculatorTests::Setup()</Name>
              <FileRef uid="20" />
              <SequencePoints>
                <SequencePoint vc="0" uspid="1315" ordinal="0" offset="0" sl="14" sc="0" el="14" ec="0" bec="0" bev="0" fileid="20" />
                <SequencePoint vc="0" uspid="1316" ordinal="0" offset="1" sl="15" sc="0" el="15" ec="0" bec="0" bev="0" fileid="20" />
                <SequencePoint vc="0" uspid="1317" ordinal="0" offset="17" sl="16" sc="0" el="16" ec="0" bec="0" bev="0" fileid="20" />
              </SequencePoints>
              <BranchPoints />
            </Method>
            <Method visited="false" cyclomaticComplexity="0" nPathComplexity="0" sequenceCoverage="0.0" branchCoverage="0" crapScore="0" isConstructor="false" isStatic="false" isGetter="false" isSetter="false">
              <Summary numSequencePoints="2" visitedSequencePoints="0" numBranchPoints="0" visitedBranchPoints="0" sequenceCoverage="0.0" branchCoverage="0" maxCyclomaticComplexity="0" minCyclomaticComplexity="0" maxCrapScore="0" minCrapScore="0" visitedClasses="0" numClasses="0" visitedMethods="0" numMethods="1" />
              <MetadataToken>100663298</MetadataToken>
              <Name>System.Void CalculatorTests::OneTimeSetup()</Name>
              <FileRef uid="20" />
              <SequencePoints>
                <SequencePoint vc="0" uspid="1318" ordinal="0" offset="0" sl="22" sc="0" el="22" ec="0" bec="0" bev="0" fileid="20" />
                <SequencePoint vc="0" uspid="1319" ordinal="0" offset="1" sl="24" sc="0" el="24" ec="0" bec="0" bev="0" fileid="20" />
              </SequencePoints>
              <BranchPoints />
            </Method>
            <Method visited="false" cyclomaticComplexity="0" nPathComplexity="0" sequenceCoverage="0.0" branchCoverage="0" crapScore="0" isConstructor="false" isStatic="false" isGetter="false" isSetter="false">
              <Summary numSequencePoints="3" visitedSequencePoints="0" numBranchPoints="0" visitedBranchPoints="0" sequenceCoverage="0.0" branchCoverage="0" maxCyclomaticComplexity="0" minCyclomaticComplexity="0" maxCrapScore="0" minCrapScore="0" visitedClasses="0" numClasses="0" visitedMethods="0" numMethods="1" />
              <MetadataToken>100663299</MetadataToken>
              <Name>System.Void CalculatorTests::GameObject_Exists()</Name>
              <FileRef uid="20" />
              <SequencePoints>
                <SequencePoint vc="0" uspid="1320" ordinal="0" offset="0" sl="30" sc="0" el="30" ec="0" bec="0" bev="0" fileid="20" />
                <SequencePoint vc="0" uspid="1321" ordinal="0" offset="1" sl="32" sc="0" el="32" ec="0" bec="0" bev="0" fileid="20" />
                <SequencePoint vc="0" uspid="1322" ordinal="0" offset="13" sl="33" sc="0" el="33" ec="0" bec="0" bev="0" fileid="20" />
              </SequencePoints>
              <BranchPoints />
            </Method>
            <Method visited="false" cyclomaticComplexity="0" nPathComplexity="0" sequenceCoverage="0.0" branchCoverage="0" crapScore="0" isConstructor="false" isStatic="false" isGetter="false" isSetter="false">
              <Summary numSequencePoints="3" visitedSequencePoints="0" numBranchPoints="0" visitedBranchPoints="0" sequenceCoverage="0.0" branchCoverage="0" maxCyclomaticComplexity="0" minCyclomaticComplexity="0" maxCrapScore="0" minCrapScore="0" visitedClasses="0" numClasses="0" visitedMethods="0" numMethods="1" />
              <MetadataToken>100663300</MetadataToken>
              <Name>System.Void CalculatorTests::Add(System.Int32, System.Int32, System.Int32)</Name>
              <FileRef uid="20" />
              <SequencePoints>
                <SequencePoint vc="0" uspid="1323" ordinal="0" offset="0" sl="39" sc="0" el="39" ec="0" bec="0" bev="0" fileid="20" />
                <SequencePoint vc="0" uspid="1324" ordinal="0" offset="1" sl="40" sc="0" el="40" ec="0" bec="0" bev="0" fileid="20" />
                <SequencePoint vc="0" uspid="1325" ordinal="0" offset="21" sl="41" sc="0" el="41" ec="0" bec="0" bev="0" fileid="20" />
              </SequencePoints>
              <BranchPoints />
            </Method>
            <Method visited="false" cyclomaticComplexity="0" nPathComplexity="0" sequenceCoverage="0.0" branchCoverage="0" crapScore="0" isConstructor="false" isStatic="false" isGetter="false" isSetter="false">
              <Summary numSequencePoints="3" visitedSequencePoints="0" numBranchPoints="0" visitedBranchPoints="0" sequenceCoverage="0.0" branchCoverage="0" maxCyclomaticComplexity="0" minCyclomaticComplexity="0" maxCrapScore="0" minCrapScore="0" visitedClasses="0" numClasses="0" visitedMethods="0" numMethods="1" />
              <MetadataToken>100663302</MetadataToken>
              <Name>System.Int32 CalculatorTests::Add_Test_Pro(System.Int32, System.Int32)</Name>
              <FileRef uid="20" />
              <SequencePoints>
                <SequencePoint vc="0" uspid="1326" ordinal="0" offset="0" sl="55" sc="0" el="55" ec="0" bec="0" bev="0" fileid="20" />
                <SequencePoint vc="0" uspid="1327" ordinal="0" offset="1" sl="56" sc="0" el="56" ec="0" bec="0" bev="0" fileid="20" />
                <SequencePoint vc="0" uspid="1328" ordinal="0" offset="7" sl="57" sc="0" el="57" ec="0" bec="0" bev="0" fileid="20" />
              </SequencePoints>
              <BranchPoints />
            </Method>
            <Method visited="false" cyclomaticComplexity="0" nPathComplexity="0" sequenceCoverage="0.0" branchCoverage="0" crapScore="0" isConstructor="false" isStatic="false" isGetter="false" isSetter="false">
              <Summary numSequencePoints="3" visitedSequencePoints="0" numBranchPoints="0" visitedBranchPoints="0" sequenceCoverage="0.0" branchCoverage="0" maxCyclomaticComplexity="0" minCyclomaticComplexity="0" maxCrapScore="0" minCrapScore="0" visitedClasses="0" numClasses="0" visitedMethods="0" numMethods="1" />
              <MetadataToken>100663303</MetadataToken>
              <Name>System.Void CalculatorTests::TearDown()</Name>
              <FileRef uid="20" />
              <SequencePoints>
                <SequencePoint vc="0" uspid="1329" ordinal="0" offset="0" sl="62" sc="0" el="62" ec="0" bec="0" bev="0" fileid="20" />
                <SequencePoint vc="0" uspid="1330" ordinal="0" offset="1" sl="63" sc="0" el="63" ec="0" bec="0" bev="0" fileid="20" />
                <SequencePoint vc="0" uspid="1331" ordinal="0" offset="13" sl="64" sc="0" el="64" ec="0" bec="0" bev="0" fileid="20" />
              </SequencePoints>
              <BranchPoints />
            </Method>
            <Method visited="false" cyclomaticComplexity="0" nPathComplexity="0" sequenceCoverage="0.0" branchCoverage="0" crapScore="0" isConstructor="false" isStatic="false" isGetter="false" isSetter="false">
              <Summary numSequencePoints="2" visitedSequencePoints="0" numBranchPoints="0" visitedBranchPoints="0" sequenceCoverage="0.0" branchCoverage="0" maxCyclomaticComplexity="0" minCyclomaticComplexity="0" maxCrapScore="0" minCrapScore="0" visitedClasses="0" numClasses="0" visitedMethods="0" numMethods="1" />
              <MetadataToken>100663304</MetadataToken>
              <Name>System.Void CalculatorTests::OneTimeTearDown()</Name>
              <FileRef uid="20" />
              <SequencePoints>
                <SequencePoint vc="0" uspid="1332" ordinal="0" offset="0" sl="69" sc="0" el="69" ec="0" bec="0" bev="0" fileid="20" />
                <SequencePoint vc="0" uspid="1333" ordinal="0" offset="1" sl="71" sc="0" el="71" ec="0" bec="0" bev="0" fileid="20" />
              </SequencePoints>
              <BranchPoints />
            </Method>
          </Methods>
        </Class>
        <Class>
          <Summary numSequencePoints="5" visitedSequencePoints="0" numBranchPoints="0" visitedBranchPoints="0" sequenceCoverage="0.0" branchCoverage="0.0" maxCyclomaticComplexity="0" minCyclomaticComplexity="0" maxCrapScore="0" minCrapScore="0" visitedClasses="0" numClasses="1" visitedMethods="0" numMethods="1" />
          <FullName>CalculatorTests/&lt;AddDatas&gt;d__5</FullName>
          <Methods>
            <Method visited="false" cyclomaticComplexity="0" nPathComplexity="0" sequenceCoverage="0.0" branchCoverage="0" crapScore="0" isConstructor="false" isStatic="false" isGetter="false" isSetter="false">
              <Summary numSequencePoints="5" visitedSequencePoints="0" numBranchPoints="0" visitedBranchPoints="0" sequenceCoverage="0.0" branchCoverage="0" maxCyclomaticComplexity="0" minCyclomaticComplexity="0" maxCrapScore="0" minCrapScore="0" visitedClasses="0" numClasses="0" visitedMethods="0" numMethods="1" />
              <MetadataToken>100663310</MetadataToken>
              <Name>System.Boolean CalculatorTests/&lt;AddDatas&gt;d__5::MoveNext()</Name>
              <FileRef uid="20" />
              <SequencePoints>
                <SequencePoint vc="0" uspid="1334" ordinal="0" offset="54" sl="45" sc="5" el="45" ec="5" bec="0" bev="0" fileid="20" />
                <SequencePoint vc="0" uspid="1335" ordinal="0" offset="55" sl="47" sc="9" el="47" ec="9" bec="0" bev="0" fileid="20" />
                <SequencePoint vc="0" uspid="1336" ordinal="0" offset="115" sl="48" sc="9" el="48" ec="9" bec="0" bev="0" fileid="20" />
                <SequencePoint vc="0" uspid="1337" ordinal="0" offset="175" sl="49" sc="9" el="49" ec="9" bec="0" bev="0" fileid="20" />
                <SequencePoint vc="0" uspid="1338" ordinal="0" offset="236" sl="50" sc="5" el="50" ec="5" bec="0" bev="0" fileid="20" />
              </SequencePoints>
              <BranchPoints />
            </Method>
          </Methods>
        </Class>
      </Classes>
    </Module>
  </Modules>
</CoverageSession>